This file contains any messages produced by compilers while
running configure, to aid debugging if configure makes a mistake.

It was created by Check configure 0.15.2, which was
generated by GNU Autoconf 2.69.  Invocation command line was

  $ ./configure 

## --------- ##
## Platform. ##
## --------- ##

hostname = e1r6p17.clusters.42paris.fr
uname -m = x86_64
uname -r = 5.4.0-132-generic
uname -s = Linux
uname -v = #148-Ubuntu SMP Mon Oct 17 16:02:06 UTC 2022

/usr/bin/uname -p = x86_64
/bin/uname -X     = unknown

/bin/arch              = x86_64
/usr/bin/arch -k       = unknown
/usr/convex/getsysinfo = unknown
/usr/bin/hostinfo      = unknown
/bin/machine           = unknown
/usr/bin/oslevel       = unknown
/bin/universe          = unknown

PATH: /mnt/nfs/homes/jgarcia/gems/bin
PATH: /mnt/nfs/homes/jgarcia/bin
PATH: /mnt/nfs/homes/jgarcia/gems/bin
PATH: /mnt/nfs/homes/jgarcia/bin
PATH: /usr/local/sbin
PATH: /usr/local/bin
PATH: /usr/sbin
PATH: /usr/bin
PATH: /sbin
PATH: /bin
PATH: /usr/games
PATH: /usr/local/games
PATH: /snap/bin
PATH: /mnt/nfs/homes/jgarcia/.usr/bin
PATH: /mnt/nfs/homes/jgarcia/.usr/bin


## ----------- ##
## Core tests. ##
## ----------- ##

configure:2748: checking for a BSD-compatible install
configure:2816: result: /usr/bin/install -c
configure:2827: checking whether build environment is sane
configure:2882: result: yes
configure:3031: checking for a thread-safe mkdir -p
configure:3070: result: /usr/bin/mkdir -p
configure:3077: checking for gawk
configure:3093: found /usr/bin/gawk
configure:3104: result: gawk
configure:3115: checking whether make sets $(MAKE)
configure:3137: result: yes
configure:3166: checking whether make supports nested variables
configure:3183: result: yes
configure:3326: checking for style of include used by make
configure:3354: result: GNU
configure:3425: checking for gcc
configure:3441: found /usr/bin/gcc
configure:3452: result: gcc
configure:3681: checking for C compiler version
configure:3690: gcc --version >&5
gcc (Ubuntu 10.3.0-1ubuntu1~20.04) 10.3.0
Copyright (C) 2020 Free Software Foundation, Inc.
This is free software; see the source for copying conditions.  There is NO
warranty; not even for MERCHANTABILITY or FITNESS FOR A PARTICULAR PURPOSE.

configure:3701: $? = 0
configure:3690: gcc -v >&5
Using built-in specs.
COLLECT_GCC=gcc
COLLECT_LTO_WRAPPER=/usr/lib/gcc/x86_64-linux-gnu/10/lto-wrapper
OFFLOAD_TARGET_NAMES=nvptx-none:amdgcn-amdhsa:hsa
OFFLOAD_TARGET_DEFAULT=1
Target: x86_64-linux-gnu
Configured with: ../src/configure -v --with-pkgversion='Ubuntu 10.3.0-1ubuntu1~20.04' --with-bugurl=file:///usr/share/doc/gcc-10/README.Bugs --enable-languages=c,ada,c++,go,brig,d,fortran,objc,obj-c++,m2 --prefix=/usr --with-gcc-major-version-only --program-suffix=-10 --program-prefix=x86_64-linux-gnu- --enable-shared --enable-linker-build-id --libexecdir=/usr/lib --without-included-gettext --enable-threads=posix --libdir=/usr/lib --enable-nls --enable-bootstrap --enable-clocale=gnu --enable-libstdcxx-debug --enable-libstdcxx-time=yes --with-default-libstdcxx-abi=new --enable-gnu-unique-object --disable-vtable-verify --enable-plugin --enable-default-pie --with-system-zlib --enable-libphobos-checking=release --with-target-system-zlib=auto --enable-objc-gc=auto --enable-multiarch --disable-werror --with-arch-32=i686 --with-abi=m64 --with-multilib-list=m32,m64,mx32 --enable-multilib --with-tune=generic --enable-offload-targets=nvptx-none=/build/gcc-10-S4I5Pr/gcc-10-10.3.0/debian/tmp-nvptx/usr,amdgcn-amdhsa=/build/gcc-10-S4I5Pr/gcc-10-10.3.0/debian/tmp-gcn/usr,hsa --without-cuda-driver --enable-checking=release --build=x86_64-linux-gnu --host=x86_64-linux-gnu --target=x86_64-linux-gnu --with-build-config=bootstrap-lto-lean --enable-link-mutex
Thread model: posix
Supported LTO compression algorithms: zlib zstd
gcc version 10.3.0 (Ubuntu 10.3.0-1ubuntu1~20.04) 
... rest of stderr output deleted ...
configure:3701: $? = 0
configure:3690: gcc -V >&5
gcc: error: unrecognized command-line option '-V'
gcc: fatal error: no input files
compilation terminated.
configure:3701: $? = 1
configure:3690: gcc -qversion >&5
gcc: error: unrecognized command-line option '-qversion'; did you mean '--version'?
gcc: fatal error: no input files
compilation terminated.
configure:3701: $? = 1
configure:3721: checking whether the C compiler works
configure:3743: gcc    conftest.c  >&5
configure:3747: $? = 0
configure:3795: result: yes
configure:3798: checking for C compiler default output file name
configure:3800: result: a.out
configure:3806: checking for suffix of executables
configure:3813: gcc -o conftest    conftest.c  >&5
configure:3817: $? = 0
configure:3839: result: 
configure:3861: checking whether we are cross compiling
configure:3869: gcc -o conftest    conftest.c  >&5
configure:3873: $? = 0
configure:3880: ./conftest
configure:3884: $? = 0
configure:3872: result: no
configure:3877: checking for suffix of object files
configure:3899: gcc -c   conftest.c >&5
configure:3903: $? = 0
configure:3924: result: o
configure:3928: checking whether we are using the GNU C compiler
configure:3947: gcc -c   conftest.c >&5
configure:3947: $? = 0
configure:3956: result: yes
configure:3965: checking whether gcc accepts -g
configure:3985: gcc -c -g  conftest.c >&5
configure:3985: $? = 0
configure:4026: result: yes
configure:4043: checking for gcc option to accept ISO C89
configure:4106: gcc  -c -g -O2  conftest.c >&5
configure:4106: $? = 0
configure:4119: result: none needed
configure:4144: checking whether gcc understands -c and -o together
configure:4166: gcc -c conftest.c -o conftest2.o
configure:4169: $? = 0
configure:4166: gcc -c conftest.c -o conftest2.o
configure:4169: $? = 0
configure:4181: result: yes
configure:4200: checking dependency style of gcc
configure:4311: result: gcc3
configure:4332: checking how to run the C preprocessor
configure:4363: gcc -E  conftest.c
configure:4363: $? = 0
configure:4377: gcc -E  conftest.c
conftest.c:11:10: fatal error: ac_nonexistent.h: No such file or directory
   11 | #include <ac_nonexistent.h>
      |          ^~~~~~~~~~~~~~~~~~
compilation terminated.
configure:4377: $? = 1
configure: failed program was:
| /* confdefs.h */
| #define PACKAGE_NAME "Check"
| #define PACKAGE_TARNAME "check"
| #define PACKAGE_VERSION "0.15.2"
| #define PACKAGE_STRING "Check 0.15.2"
| #define PACKAGE_BUGREPORT "check-devel at lists dot sourceforge dot net"
| #define PACKAGE_URL ""
| #define PACKAGE "check"
| #define VERSION "0.15.2"
| /* end confdefs.h.  */
| #include <ac_nonexistent.h>
configure:4402: result: gcc -E
configure:4422: gcc -E  conftest.c
configure:4422: $? = 0
configure:4436: gcc -E  conftest.c
conftest.c:11:10: fatal error: ac_nonexistent.h: No such file or directory
   11 | #include <ac_nonexistent.h>
      |          ^~~~~~~~~~~~~~~~~~
compilation terminated.
configure:4436: $? = 1
configure: failed program was:
| /* confdefs.h */
| #define PACKAGE_NAME "Check"
| #define PACKAGE_TARNAME "check"
| #define PACKAGE_VERSION "0.15.2"
| #define PACKAGE_STRING "Check 0.15.2"
| #define PACKAGE_BUGREPORT "check-devel at lists dot sourceforge dot net"
| #define PACKAGE_URL ""
| #define PACKAGE "check"
| #define VERSION "0.15.2"
| /* end confdefs.h.  */
| #include <ac_nonexistent.h>
configure:4465: checking for grep that handles long lines and -e
configure:4523: result: /usr/bin/grep
configure:4528: checking for egrep
configure:4590: result: /usr/bin/grep -E
configure:4595: checking for ANSI C header files
configure:4615: gcc -c -g -O2  conftest.c >&5
configure:4615: $? = 0
configure:4688: gcc -o conftest -g -O2   conftest.c  >&5
configure:4688: $? = 0
configure:4688: ./conftest
configure:4688: $? = 0
configure:4699: result: yes
configure:4712: checking for sys/types.h
configure:4712: gcc -c -g -O2  conftest.c >&5
configure:4712: $? = 0
configure:4712: result: yes
configure:4712: checking for sys/stat.h
configure:4712: gcc -c -g -O2  conftest.c >&5
configure:4712: $? = 0
configure:4712: result: yes
configure:4712: checking for stdlib.h
configure:4712: gcc -c -g -O2  conftest.c >&5
configure:4712: $? = 0
configure:4712: result: yes
configure:4712: checking for string.h
configure:4712: gcc -c -g -O2  conftest.c >&5
configure:4712: $? = 0
configure:4712: result: yes
configure:4712: checking for memory.h
configure:4712: gcc -c -g -O2  conftest.c >&5
configure:4712: $? = 0
configure:4712: result: yes
configure:4712: checking for strings.h
configure:4712: gcc -c -g -O2  conftest.c >&5
configure:4712: $? = 0
configure:4712: result: yes
configure:4712: checking for inttypes.h
configure:4712: gcc -c -g -O2  conftest.c >&5
configure:4712: $? = 0
configure:4712: result: yes
configure:4712: checking for stdint.h
configure:4712: gcc -c -g -O2  conftest.c >&5
configure:4712: $? = 0
configure:4712: result: yes
configure:4712: checking for unistd.h
configure:4712: gcc -c -g -O2  conftest.c >&5
configure:4712: $? = 0
configure:4712: result: yes
configure:4725: checking minix/config.h usability
configure:4725: gcc -c -g -O2  conftest.c >&5
conftest.c:54:10: fatal error: minix/config.h: No such file or directory
   54 | #include <minix/config.h>
      |          ^~~~~~~~~~~~~~~~
compilation terminated.
configure:4725: $? = 1
configure: failed program was:
| /* confdefs.h */
| #define PACKAGE_NAME "Check"
| #define PACKAGE_TARNAME "check"
| #define PACKAGE_VERSION "0.15.2"
| #define PACKAGE_STRING "Check 0.15.2"
| #define PACKAGE_BUGREPORT "check-devel at lists dot sourceforge dot net"
| #define PACKAGE_URL ""
| #define PACKAGE "check"
| #define VERSION "0.15.2"
| #define STDC_HEADERS 1
| #define HAVE_SYS_TYPES_H 1
| #define HAVE_SYS_STAT_H 1
| #define HAVE_STDLIB_H 1
| #define HAVE_STRING_H 1
| #define HAVE_MEMORY_H 1
| #define HAVE_STRINGS_H 1
| #define HAVE_INTTYPES_H 1
| #define HAVE_STDINT_H 1
| #define HAVE_UNISTD_H 1
| /* end confdefs.h.  */
| #include <stdio.h>
| #ifdef HAVE_SYS_TYPES_H
| # include <sys/types.h>
| #endif
| #ifdef HAVE_SYS_STAT_H
| # include <sys/stat.h>
| #endif
| #ifdef STDC_HEADERS
| # include <stdlib.h>
| # include <stddef.h>
| #else
| # ifdef HAVE_STDLIB_H
| #  include <stdlib.h>
| # endif
| #endif
| #ifdef HAVE_STRING_H
| # if !defined STDC_HEADERS && defined HAVE_MEMORY_H
| #  include <memory.h>
| # endif
| # include <string.h>
| #endif
| #ifdef HAVE_STRINGS_H
| # include <strings.h>
| #endif
| #ifdef HAVE_INTTYPES_H
| # include <inttypes.h>
| #endif
| #ifdef HAVE_STDINT_H
| # include <stdint.h>
| #endif
| #ifdef HAVE_UNISTD_H
| # include <unistd.h>
| #endif
| #include <minix/config.h>
configure:4725: result: no
configure:4725: checking minix/config.h presence
configure:4725: gcc -E  conftest.c
conftest.c:21:10: fatal error: minix/config.h: No such file or directory
   21 | #include <minix/config.h>
      |          ^~~~~~~~~~~~~~~~
compilation terminated.
configure:4725: $? = 1
configure: failed program was:
| /* confdefs.h */
| #define PACKAGE_NAME "Check"
| #define PACKAGE_TARNAME "check"
| #define PACKAGE_VERSION "0.15.2"
| #define PACKAGE_STRING "Check 0.15.2"
| #define PACKAGE_BUGREPORT "check-devel at lists dot sourceforge dot net"
| #define PACKAGE_URL ""
| #define PACKAGE "check"
| #define VERSION "0.15.2"
| #define STDC_HEADERS 1
| #define HAVE_SYS_TYPES_H 1
| #define HAVE_SYS_STAT_H 1
| #define HAVE_STDLIB_H 1
| #define HAVE_STRING_H 1
| #define HAVE_MEMORY_H 1
| #define HAVE_STRINGS_H 1
| #define HAVE_INTTYPES_H 1
| #define HAVE_STDINT_H 1
| #define HAVE_UNISTD_H 1
| /* end confdefs.h.  */
| #include <minix/config.h>
configure:4725: result: no
configure:4725: checking for minix/config.h
configure:4725: result: no
configure:4746: checking whether it is safe to define __EXTENSIONS__
configure:4764: gcc -c -g -O2  conftest.c >&5
configure:4764: $? = 0
configure:4771: result: yes
configure:4804: checking whether make supports nested variables
configure:4821: result: yes
configure:4957: checking for a sed that does not truncate output
configure:5021: result: /usr/bin/sed
configure:5030: checking for gawk
configure:5057: result: gawk
configure:5116: checking for gcc
configure:5143: result: gcc
configure:5372: checking for C compiler version
configure:5381: gcc --version >&5
gcc (Ubuntu 10.3.0-1ubuntu1~20.04) 10.3.0
Copyright (C) 2020 Free Software Foundation, Inc.
This is free software; see the source for copying conditions.  There is NO
warranty; not even for MERCHANTABILITY or FITNESS FOR A PARTICULAR PURPOSE.

configure:5392: $? = 0
configure:5381: gcc -v >&5
Using built-in specs.
COLLECT_GCC=gcc
COLLECT_LTO_WRAPPER=/usr/lib/gcc/x86_64-linux-gnu/10/lto-wrapper
OFFLOAD_TARGET_NAMES=nvptx-none:amdgcn-amdhsa:hsa
OFFLOAD_TARGET_DEFAULT=1
Target: x86_64-linux-gnu
Configured with: ../src/configure -v --with-pkgversion='Ubuntu 10.3.0-1ubuntu1~20.04' --with-bugurl=file:///usr/share/doc/gcc-10/README.Bugs --enable-languages=c,ada,c++,go,brig,d,fortran,objc,obj-c++,m2 --prefix=/usr --with-gcc-major-version-only --program-suffix=-10 --program-prefix=x86_64-linux-gnu- --enable-shared --enable-linker-build-id --libexecdir=/usr/lib --without-included-gettext --enable-threads=posix --libdir=/usr/lib --enable-nls --enable-bootstrap --enable-clocale=gnu --enable-libstdcxx-debug --enable-libstdcxx-time=yes --with-default-libstdcxx-abi=new --enable-gnu-unique-object --disable-vtable-verify --enable-plugin --enable-default-pie --with-system-zlib --enable-libphobos-checking=release --with-target-system-zlib=auto --enable-objc-gc=auto --enable-multiarch --disable-werror --with-arch-32=i686 --with-abi=m64 --with-multilib-list=m32,m64,mx32 --enable-multilib --with-tune=generic --enable-offload-targets=nvptx-none=/build/gcc-10-S4I5Pr/gcc-10-10.3.0/debian/tmp-nvptx/usr,amdgcn-amdhsa=/build/gcc-10-S4I5Pr/gcc-10-10.3.0/debian/tmp-gcn/usr,hsa --without-cuda-driver --enable-checking=release --build=x86_64-linux-gnu --host=x86_64-linux-gnu --target=x86_64-linux-gnu --with-build-config=bootstrap-lto-lean --enable-link-mutex
Thread model: posix
Supported LTO compression algorithms: zlib zstd
gcc version 10.3.0 (Ubuntu 10.3.0-1ubuntu1~20.04) 
... rest of stderr output deleted ...
configure:5392: $? = 0
configure:5381: gcc -V >&5
gcc: error: unrecognized command-line option '-V'
gcc: fatal error: no input files
compilation terminated.
configure:5392: $? = 1
configure:5381: gcc -qversion >&5
gcc: error: unrecognized command-line option '-qversion'; did you mean '--version'?
gcc: fatal error: no input files
compilation terminated.
configure:5392: $? = 1
configure:5396: checking whether we are using the GNU C compiler
configure:5424: result: yes
configure:5433: checking whether gcc accepts -g
configure:5494: result: yes
configure:5511: checking for gcc option to accept ISO C89
configure:5587: result: none needed
configure:5612: checking whether gcc understands -c and -o together
configure:5649: result: yes
configure:5668: checking dependency style of gcc
configure:5779: result: gcc3
configure:5797: checking whether ln -s works
configure:5801: result: yes
configure:5859: checking for ar
configure:5875: found /usr/bin/ar
configure:5886: result: ar
configure:5912: checking the archiver (ar) interface
configure:5928: gcc -c -g -O2  conftest.c >&5
configure:5928: $? = 0
configure:5930: ar cru libconftest.a conftest.o >&5
ar: `u' modifier ignored since `D' is the default (see `U')
configure:5933: $? = 0
configure:5932: result: ar
configure:5981: checking build system type
configure:5995: result: x86_64-unknown-linux-gnu
configure:6015: checking host system type
configure:6028: result: x86_64-unknown-linux-gnu
configure:6069: checking how to print strings
configure:6096: result: printf
configure:6117: checking for a sed that does not truncate output
configure:6181: result: /usr/bin/sed
configure:6199: checking for fgrep
configure:6261: result: /usr/bin/grep -F
configure:6296: checking for ld used by gcc
configure:6363: result: /usr/bin/ld
configure:6370: checking if the linker (/usr/bin/ld) is GNU ld
configure:6385: result: yes
configure:6397: checking for BSD- or MS-compatible name lister (nm)
configure:6451: result: /usr/bin/nm -B
configure:6581: checking the name lister (/usr/bin/nm -B) interface
configure:6588: gcc -c -g -O2  conftest.c >&5
configure:6591: /usr/bin/nm -B "conftest.o"
configure:6594: output
0000000000000000 B some_variable
configure:6595: result: BSD nm
configure:6599: checking the maximum length of command line arguments
configure:6730: result: 1572864
configure:6778: checking how to convert x86_64-unknown-linux-gnu file names to x86_64-unknown-linux-gnu format
configure:6818: result: func_convert_file_noop
configure:6825: checking how to convert x86_64-unknown-linux-gnu file names to toolchain format
configure:6845: result: func_convert_file_noop
configure:6852: checking for /usr/bin/ld option to reload object files
configure:6859: result: -r
configure:6933: checking for objdump
configure:6949: found /usr/bin/objdump
configure:6960: result: objdump
configure:6992: checking how to recognize dependent libraries
configure:7192: result: pass_all
configure:7277: checking for dlltool
configure:7307: result: no
configure:7337: checking how to associate runtime and link libraries
configure:7364: result: printf %s\n
configure:7488: checking for archiver @FILE support
configure:7505: gcc -c -g -O2  conftest.c >&5
configure:7505: $? = 0
configure:7508: ar cru libconftest.a @conftest.lst >&5
ar: `u' modifier ignored since `D' is the default (see `U')
configure:7511: $? = 0
configure:7516: ar cru libconftest.a @conftest.lst >&5
ar: `u' modifier ignored since `D' is the default (see `U')
ar: conftest.o: No such file or directory
configure:7519: $? = 1
configure:7518: result: @
configure:7576: checking for strip
configure:7592: found /usr/bin/strip
configure:7603: result: strip
configure:7675: checking for ranlib
configure:7691: found /usr/bin/ranlib
configure:7702: result: ranlib
configure:7804: checking command to parse /usr/bin/nm -B output from gcc object
configure:7957: gcc -c -g -O2  conftest.c >&5
configure:7960: $? = 0
configure:7964: /usr/bin/nm -B conftest.o \| sed -n -e 's/^.*[ ]\([ABCDGIRSTW][ABCDGIRSTW]*\)[ ][ ]*\([_A-Za-z][_A-Za-z0-9]*\)$/\1 \2 \2/p' | sed '/ __gnu_lto/d' \> conftest.nm
configure:7967: $? = 0
configure:8033: gcc -o conftest -g -O2   conftest.c conftstm.o >&5
configure:8036: $? = 0
configure:8074: result: ok
configure:8121: checking for sysroot
configure:8151: result: no
configure:8158: checking for a working dd
configure:8196: result: /usr/bin/dd
configure:8200: checking how to truncate binary pipes
configure:8215: result: /usr/bin/dd bs=4096 count=1
configure:8351: gcc -c -g -O2  conftest.c >&5
configure:8354: $? = 0
configure:8544: checking for mt
configure:8560: found /usr/bin/mt
configure:8571: result: mt
configure:8594: checking if mt is a manifest tool
configure:8600: mt '-?'
configure:8608: result: no
configure:9282: checking for dlfcn.h
configure:9282: gcc -c -g -O2  conftest.c >&5
configure:9282: $? = 0
configure:9282: result: yes
configure:9538: checking for objdir
configure:9553: result: .libs
configure:9817: checking if gcc supports -fno-rtti -fno-exceptions
configure:9835: gcc -c -g -O2  -fno-rtti -fno-exceptions conftest.c >&5
cc1: warning: command-line option '-fno-rtti' is valid for C++/D/ObjC++ but not for C
configure:9839: $? = 0
configure:9852: result: no
configure:10210: checking for gcc option to produce PIC
configure:10217: result: -fPIC -DPIC
configure:10225: checking if gcc PIC flag -fPIC -DPIC works
configure:10243: gcc -c -g -O2  -fPIC -DPIC -DPIC conftest.c >&5
configure:10247: $? = 0
configure:10260: result: yes
configure:10289: checking if gcc static flag -static works
configure:10317: result: yes
configure:10332: checking if gcc supports -c -o file.o
configure:10353: gcc -c -g -O2  -o out/conftest2.o conftest.c >&5
configure:10357: $? = 0
configure:10379: result: yes
configure:10387: checking if gcc supports -c -o file.o
configure:10434: result: yes
configure:10467: checking whether the gcc linker (/usr/bin/ld -m elf_x86_64) supports shared libraries
configure:11726: result: yes
configure:11763: checking whether -lc should be explicitly linked in
configure:11771: gcc -c -g -O2  conftest.c >&5
configure:11774: $? = 0
configure:11789: gcc -shared  -fPIC -DPIC conftest.o  -v -Wl,-soname -Wl,conftest -o conftest 2\>\&1 \| /usr/bin/grep  -lc  \>/dev/null 2\>\&1
configure:11792: $? = 0
configure:11806: result: no
configure:11966: checking dynamic linker characteristics
configure:12547: gcc -o conftest -g -O2   -Wl,-rpath -Wl,/cmd_node conftest.c  >&5
configure:12547: $? = 0
configure:12784: result: GNU/Linux ld.so
configure:12906: checking how to hardcode library paths into programs
configure:12931: result: immediate
configure:13479: checking whether stripping libraries is possible
configure:13484: result: yes
configure:13519: checking if libtool supports shared libraries
configure:13521: result: yes
configure:13524: checking whether to build shared libraries
configure:13549: result: yes
configure:13552: checking whether to build static libraries
configure:13556: result: yes
configure:10404: checking whether the C compiler accepts the -Wextra flag
configure:10433: gcc -c -g -O2 -Wextra  conftest.c >&5
configure:10433: $? = 0
configure:10456: result: yes
configure:10478: checking whether the C compiler accepts the -Wstrict-prototypes flag
configure:10507: gcc -c -g -O2 -Wextra -Wstrict-prototypes  conftest.c >&5
conftest.c:31:1: warning: function declaration isn't a prototype [-Wstrict-prototypes]
   31 | main ()
      | ^~~~
configure:10507: $? = 0
configure:10530: result: yes
configure:10552: checking whether the C compiler accepts the -Wmissing-prototypes flag
configure:10581: gcc -c -g -O2 -Wextra -Wstrict-prototypes -Wmissing-prototypes  conftest.c >&5
conftest.c:31:1: warning: function declaration isn't a prototype [-Wstrict-prototypes]
   31 | main ()
      | ^~~~
configure:10581: $? = 0
configure:10604: result: yes
configure:10626: checking whether the C compiler accepts the -Wwrite-strings flag
configure:10655: gcc -c -g -O2 -Wextra -Wstrict-prototypes -Wmissing-prototypes -Wwrite-strings  conftest.c >&5
conftest.c:31:1: warning: function declaration isn't a prototype [-Wstrict-prototypes]
   31 | main ()
      | ^~~~
configure:10655: $? = 0
configure:10678: result: yes
configure:10700: checking whether the C compiler accepts the -Wno-variadic-macros flag
configure:10729: gcc -c -g -O2 -Wextra -Wstrict-prototypes -Wmissing-prototypes -Wwrite-strings -Wno-variadic-macros  conftest.c >&5
conftest.c:31:1: warning: function declaration isn't a prototype [-Wstrict-prototypes]
   31 | main ()
      | ^~~~
configure:10729: $? = 0
configure:10752: result: yes
configure:10774: checking whether the C compiler accepts the -Wimport flag
configure:10803: gcc -c -g -O2 -Wextra -Wstrict-prototypes -Wmissing-prototypes -Wwrite-strings -Wno-variadic-macros -Wimport  conftest.c >&5
conftest.c:31:1: warning: function declaration isn't a prototype [-Wstrict-prototypes]
   31 | main ()
      | ^~~~
configure:10803: $? = 0
configure:10826: result: yes
configure:10848: checking whether the C compiler accepts the -Wfatal-errors flag
configure:10877: gcc -c -g -O2 -Wextra -Wstrict-prototypes -Wmissing-prototypes -Wwrite-strings -Wno-variadic-macros -Wimport -Wfatal-errors  conftest.c >&5
conftest.c:31:1: warning: function declaration isn't a prototype [-Wstrict-prototypes]
   31 | main ()
      | ^~~~
configure:10877: $? = 0
configure:10900: result: yes
configure:10922: checking whether the C compiler accepts the -Wformat=2 flag
configure:10951: gcc -c -g -O2 -Wextra -Wstrict-prototypes -Wmissing-prototypes -Wwrite-strings -Wno-variadic-macros -Wimport -Wfatal-errors -Wformat=2  conftest.c >&5
conftest.c:31:1: warning: function declaration isn't a prototype [-Wstrict-prototypes]
   31 | main ()
      | ^~~~
configure:10951: $? = 0
configure:10974: result: yes
configure:10996: checking whether the C compiler accepts the -Winit-self flag
configure:11025: gcc -c -g -O2 -Wextra -Wstrict-prototypes -Wmissing-prototypes -Wwrite-strings -Wno-variadic-macros -Wimport -Wfatal-errors -Wformat=2 -Winit-self  conftest.c >&5
conftest.c:31:1: warning: function declaration isn't a prototype [-Wstrict-prototypes]
   31 | main ()
      | ^~~~
configure:11025: $? = 0
configure:11048: result: yes
configure:11070: checking whether the C compiler accepts the -Wmissing-include-dirs flag
configure:11099: gcc -c -g -O2 -Wextra -Wstrict-prototypes -Wmissing-prototypes -Wwrite-strings -Wno-variadic-macros -Wimport -Wfatal-errors -Wformat=2 -Winit-self -Wmissing-include-dirs  conftest.c >&5
conftest.c:31:1: warning: function declaration isn't a prototype [-Wstrict-prototypes]
   31 | main ()
      | ^~~~
configure:11099: $? = 0
configure:11122: result: yes
configure:11144: checking whether the C compiler accepts the -Wswitch-default flag
configure:11173: gcc -c -g -O2 -Wextra -Wstrict-prototypes -Wmissing-prototypes -Wwrite-strings -Wno-variadic-macros -Wimport -Wfatal-errors -Wformat=2 -Winit-self -Wmissing-include-dirs -Wswitch-default  conftest.c >&5
conftest.c:31:1: warning: function declaration isn't a prototype [-Wstrict-prototypes]
   31 | main ()
      | ^~~~
configure:11173: $? = 0
configure:11196: result: yes
configure:11218: checking whether the C compiler accepts the -Wunknown-pragmas flag
configure:11247: gcc -c -g -O2 -Wextra -Wstrict-prototypes -Wmissing-prototypes -Wwrite-strings -Wno-variadic-macros -Wimport -Wfatal-errors -Wformat=2 -Winit-self -Wmissing-include-dirs -Wswitch-default -Wunknown-pragmas  conftest.c >&5
conftest.c:31:1: warning: function declaration isn't a prototype [-Wstrict-prototypes]
   31 | main ()
      | ^~~~
configure:11247: $? = 0
configure:11270: result: yes
configure:11374: checking for gcov
configure:11390: found /usr/bin/gcov
configure:11401: result: gcov
configure:11417: checking for lcov
configure:11447: result: no
configure:11460: checking for genhtml
configure:11490: result: no
configure:11505: checking for makeinfo
configure:11532: result: ${SHELL} /mnt/nfs/homes/jgarcia/CLionProjects/minishell/unit_tests/check-0.15.2/missing makeinfo
configure:11574: checking for filterdiff
configure:11604: result: no
configure:11617: WARNING: filterdiff not installed; build will not be reproducible.
configure:11634: checking for dot
configure:11650: found /usr/bin/dot
configure:11661: result: dot
configure:11851: checking for the pthreads library -lpthreads
configure:11884: gcc -o conftest -g -O2 -Wextra -Wstrict-prototypes -Wmissing-prototypes -Wwrite-strings -Wno-variadic-macros -Wimport -Wfatal-errors -Wformat=2 -Winit-self -Wmissing-include-dirs -Wswitch-default -Wunknown-pragmas    conftest.c -lpthreads  >&5
conftest.c:30:1: warning: function declaration isn't a prototype [-Wstrict-prototypes]
   30 | main ()
      | ^~~~
conftest.c: In function 'main':
conftest.c:33:22: warning: null argument where non-null required (argument 1) [-Wnonnull]
   33 |                      pthread_attr_init(0); pthread_cleanup_push(0, 0);
      |                      ^~~~~~~~~~~~~~~~~
conftest.c:34:22: warning: null argument where non-null required (argument 1) [-Wnonnull]
   34 |                      pthread_create(0,0,0,0); pthread_cleanup_pop(0);
      |                      ^~~~~~~~~~~~~~
conftest.c:34:22: warning: null argument where non-null required (argument 3) [-Wnonnull]
conftest.c:32:15: warning: 'th' is used uninitialized in this function [-Wuninitialized]
   32 | pthread_t th; pthread_join(th, 0);
      |               ^~~~~~~~~~~~~~~~~~~
/usr/bin/ld: cannot find -lpthreads
collect2: error: ld returned 1 exit status
configure:11884: $? = 1
configure: failed program was:
| /* confdefs.h */
| #define PACKAGE_NAME "Check"
| #define PACKAGE_TARNAME "check"
| #define PACKAGE_VERSION "0.15.2"
| #define PACKAGE_STRING "Check 0.15.2"
| #define PACKAGE_BUGREPORT "check-devel at lists dot sourceforge dot net"
| #define PACKAGE_URL ""
| #define PACKAGE "check"
| #define VERSION "0.15.2"
| #define STDC_HEADERS 1
| #define HAVE_SYS_TYPES_H 1
| #define HAVE_SYS_STAT_H 1
| #define HAVE_STDLIB_H 1
| #define HAVE_STRING_H 1
| #define HAVE_MEMORY_H 1
| #define HAVE_STRINGS_H 1
| #define HAVE_INTTYPES_H 1
| #define HAVE_STDINT_H 1
| #define HAVE_UNISTD_H 1
| #define __EXTENSIONS__ 1
| #define _ALL_SOURCE 1
| #define _GNU_SOURCE 1
| #define _POSIX_PTHREAD_SEMANTICS 1
| #define _TANDEM_SOURCE 1
| #define HAVE_DLFCN_H 1
| #define LT_OBJDIR ".libs/"
| /* end confdefs.h.  */
| #include <pthread.h>
| int
| main ()
| {
| pthread_t th; pthread_join(th, 0);
|                      pthread_attr_init(0); pthread_cleanup_push(0, 0);
|                      pthread_create(0,0,0,0); pthread_cleanup_pop(0);
|   ;
|   return 0;
| }
configure:11893: result: no
configure:11796: checking whether pthreads work without any flags
configure:11884: gcc -o conftest -g -O2 -Wextra -Wstrict-prototypes -Wmissing-prototypes -Wwrite-strings -Wno-variadic-macros -Wimport -Wfatal-errors -Wformat=2 -Winit-self -Wmissing-include-dirs -Wswitch-default -Wunknown-pragmas    conftest.c   >&5
conftest.c:30:1: warning: function declaration isn't a prototype [-Wstrict-prototypes]
   30 | main ()
      | ^~~~
conftest.c: In function 'main':
conftest.c:33:22: warning: null argument where non-null required (argument 1) [-Wnonnull]
   33 |                      pthread_attr_init(0); pthread_cleanup_push(0, 0);
      |                      ^~~~~~~~~~~~~~~~~
conftest.c:34:22: warning: null argument where non-null required (argument 1) [-Wnonnull]
   34 |                      pthread_create(0,0,0,0); pthread_cleanup_pop(0);
      |                      ^~~~~~~~~~~~~~
conftest.c:34:22: warning: null argument where non-null required (argument 3) [-Wnonnull]
conftest.c:32:15: warning: 'th' is used uninitialized in this function [-Wuninitialized]
   32 | pthread_t th; pthread_join(th, 0);
      |               ^~~~~~~~~~~~~~~~~~~
/usr/bin/ld: /tmp/ccYnYne1.o: in function `main':
/mnt/nfs/homes/jgarcia/CLionProjects/minishell/unit_tests/check-0.15.2/conftest.c:32: undefined reference to `pthread_join'
/usr/bin/ld: /mnt/nfs/homes/jgarcia/CLionProjects/minishell/unit_tests/check-0.15.2/conftest.c:33: undefined reference to `__pthread_register_cancel'
/usr/bin/ld: /mnt/nfs/homes/jgarcia/CLionProjects/minishell/unit_tests/check-0.15.2/conftest.c:34: undefined reference to `pthread_create'
/usr/bin/ld: /mnt/nfs/homes/jgarcia/CLionProjects/minishell/unit_tests/check-0.15.2/conftest.c:34: undefined reference to `__pthread_unregister_cancel'
collect2: error: ld returned 1 exit status
configure:11884: $? = 1
configure: failed program was:
| /* confdefs.h */
| #define PACKAGE_NAME "Check"
| #define PACKAGE_TARNAME "check"
| #define PACKAGE_VERSION "0.15.2"
| #define PACKAGE_STRING "Check 0.15.2"
| #define PACKAGE_BUGREPORT "check-devel at lists dot sourceforge dot net"
| #define PACKAGE_URL ""
| #define PACKAGE "check"
| #define VERSION "0.15.2"
| #define STDC_HEADERS 1
| #define HAVE_SYS_TYPES_H 1
| #define HAVE_SYS_STAT_H 1
| #define HAVE_STDLIB_H 1
| #define HAVE_STRING_H 1
| #define HAVE_MEMORY_H 1
| #define HAVE_STRINGS_H 1
| #define HAVE_INTTYPES_H 1
| #define HAVE_STDINT_H 1
| #define HAVE_UNISTD_H 1
| #define __EXTENSIONS__ 1
| #define _ALL_SOURCE 1
| #define _GNU_SOURCE 1
| #define _POSIX_PTHREAD_SEMANTICS 1
| #define _TANDEM_SOURCE 1
| #define HAVE_DLFCN_H 1
| #define LT_OBJDIR ".libs/"
| /* end confdefs.h.  */
| #include <pthread.h>
| int
| main ()
| {
| pthread_t th; pthread_join(th, 0);
|                      pthread_attr_init(0); pthread_cleanup_push(0, 0);
|                      pthread_create(0,0,0,0); pthread_cleanup_pop(0);
|   ;
|   return 0;
| }
configure:11893: result: no
configure:11801: checking whether pthreads work with -Kthread
configure:11884: gcc -o conftest -g -O2 -Wextra -Wstrict-prototypes -Wmissing-prototypes -Wwrite-strings -Wno-variadic-macros -Wimport -Wfatal-errors -Wformat=2 -Winit-self -Wmissing-include-dirs -Wswitch-default -Wunknown-pragmas -Kthread   conftest.c   >&5
gcc: error: unrecognized command-line option '-Kthread'; did you mean '-pthread'?
configure:11884: $? = 1
configure: failed program was:
| /* confdefs.h */
| #define PACKAGE_NAME "Check"
| #define PACKAGE_TARNAME "check"
| #define PACKAGE_VERSION "0.15.2"
| #define PACKAGE_STRING "Check 0.15.2"
| #define PACKAGE_BUGREPORT "check-devel at lists dot sourceforge dot net"
| #define PACKAGE_URL ""
| #define PACKAGE "check"
| #define VERSION "0.15.2"
| #define STDC_HEADERS 1
| #define HAVE_SYS_TYPES_H 1
| #define HAVE_SYS_STAT_H 1
| #define HAVE_STDLIB_H 1
| #define HAVE_STRING_H 1
| #define HAVE_MEMORY_H 1
| #define HAVE_STRINGS_H 1
| #define HAVE_INTTYPES_H 1
| #define HAVE_STDINT_H 1
| #define HAVE_UNISTD_H 1
| #define __EXTENSIONS__ 1
| #define _ALL_SOURCE 1
| #define _GNU_SOURCE 1
| #define _POSIX_PTHREAD_SEMANTICS 1
| #define _TANDEM_SOURCE 1
| #define HAVE_DLFCN_H 1
| #define LT_OBJDIR ".libs/"
| /* end confdefs.h.  */
| #include <pthread.h>
| int
| main ()
| {
| pthread_t th; pthread_join(th, 0);
|                      pthread_attr_init(0); pthread_cleanup_push(0, 0);
|                      pthread_create(0,0,0,0); pthread_cleanup_pop(0);
|   ;
|   return 0;
| }
configure:11893: result: no
configure:11801: checking whether pthreads work with -kthread
configure:11884: gcc -o conftest -g -O2 -Wextra -Wstrict-prototypes -Wmissing-prototypes -Wwrite-strings -Wno-variadic-macros -Wimport -Wfatal-errors -Wformat=2 -Winit-self -Wmissing-include-dirs -Wswitch-default -Wunknown-pragmas -kthread   conftest.c   >&5
gcc: error: unrecognized command-line option '-kthread'; did you mean '-pthread'?
configure:11884: $? = 1
configure: failed program was:
| /* confdefs.h */
| #define PACKAGE_NAME "Check"
| #define PACKAGE_TARNAME "check"
| #define PACKAGE_VERSION "0.15.2"
| #define PACKAGE_STRING "Check 0.15.2"
| #define PACKAGE_BUGREPORT "check-devel at lists dot sourceforge dot net"
| #define PACKAGE_URL ""
| #define PACKAGE "check"
| #define VERSION "0.15.2"
| #define STDC_HEADERS 1
| #define HAVE_SYS_TYPES_H 1
| #define HAVE_SYS_STAT_H 1
| #define HAVE_STDLIB_H 1
| #define HAVE_STRING_H 1
| #define HAVE_MEMORY_H 1
| #define HAVE_STRINGS_H 1
| #define HAVE_INTTYPES_H 1
| #define HAVE_STDINT_H 1
| #define HAVE_UNISTD_H 1
| #define __EXTENSIONS__ 1
| #define _ALL_SOURCE 1
| #define _GNU_SOURCE 1
| #define _POSIX_PTHREAD_SEMANTICS 1
| #define _TANDEM_SOURCE 1
| #define HAVE_DLFCN_H 1
| #define LT_OBJDIR ".libs/"
| /* end confdefs.h.  */
| #include <pthread.h>
| int
| main ()
| {
| pthread_t th; pthread_join(th, 0);
|                      pthread_attr_init(0); pthread_cleanup_push(0, 0);
|                      pthread_create(0,0,0,0); pthread_cleanup_pop(0);
|   ;
|   return 0;
| }
configure:11893: result: no
configure:11851: checking for the pthreads library -llthread
configure:11884: gcc -o conftest -g -O2 -Wextra -Wstrict-prototypes -Wmissing-prototypes -Wwrite-strings -Wno-variadic-macros -Wimport -Wfatal-errors -Wformat=2 -Winit-self -Wmissing-include-dirs -Wswitch-default -Wunknown-pragmas    conftest.c -llthread  >&5
conftest.c:30:1: warning: function declaration isn't a prototype [-Wstrict-prototypes]
   30 | main ()
      | ^~~~
conftest.c: In function 'main':
conftest.c:33:22: warning: null argument where non-null required (argument 1) [-Wnonnull]
   33 |                      pthread_attr_init(0); pthread_cleanup_push(0, 0);
      |                      ^~~~~~~~~~~~~~~~~
conftest.c:34:22: warning: null argument where non-null required (argument 1) [-Wnonnull]
   34 |                      pthread_create(0,0,0,0); pthread_cleanup_pop(0);
      |                      ^~~~~~~~~~~~~~
conftest.c:34:22: warning: null argument where non-null required (argument 3) [-Wnonnull]
conftest.c:32:15: warning: 'th' is used uninitialized in this function [-Wuninitialized]
   32 | pthread_t th; pthread_join(th, 0);
      |               ^~~~~~~~~~~~~~~~~~~
/usr/bin/ld: cannot find -llthread
collect2: error: ld returned 1 exit status
configure:11884: $? = 1
configure: failed program was:
| /* confdefs.h */
| #define PACKAGE_NAME "Check"
| #define PACKAGE_TARNAME "check"
| #define PACKAGE_VERSION "0.15.2"
| #define PACKAGE_STRING "Check 0.15.2"
| #define PACKAGE_BUGREPORT "check-devel at lists dot sourceforge dot net"
| #define PACKAGE_URL ""
| #define PACKAGE "check"
| #define VERSION "0.15.2"
| #define STDC_HEADERS 1
| #define HAVE_SYS_TYPES_H 1
| #define HAVE_SYS_STAT_H 1
| #define HAVE_STDLIB_H 1
| #define HAVE_STRING_H 1
| #define HAVE_MEMORY_H 1
| #define HAVE_STRINGS_H 1
| #define HAVE_INTTYPES_H 1
| #define HAVE_STDINT_H 1
| #define HAVE_UNISTD_H 1
| #define __EXTENSIONS__ 1
| #define _ALL_SOURCE 1
| #define _GNU_SOURCE 1
| #define _POSIX_PTHREAD_SEMANTICS 1
| #define _TANDEM_SOURCE 1
| #define HAVE_DLFCN_H 1
| #define LT_OBJDIR ".libs/"
| /* end confdefs.h.  */
| #include <pthread.h>
| int
| main ()
| {
| pthread_t th; pthread_join(th, 0);
|                      pthread_attr_init(0); pthread_cleanup_push(0, 0);
|                      pthread_create(0,0,0,0); pthread_cleanup_pop(0);
|   ;
|   return 0;
| }
configure:11893: result: no
configure:11801: checking whether pthreads work with -pthread
configure:11884: gcc -o conftest -g -O2 -Wextra -Wstrict-prototypes -Wmissing-prototypes -Wwrite-strings -Wno-variadic-macros -Wimport -Wfatal-errors -Wformat=2 -Winit-self -Wmissing-include-dirs -Wswitch-default -Wunknown-pragmas -pthread   conftest.c   >&5
conftest.c:30:1: warning: function declaration isn't a prototype [-Wstrict-prototypes]
   30 | main ()
      | ^~~~
conftest.c: In function 'main':
conftest.c:33:22: warning: null argument where non-null required (argument 1) [-Wnonnull]
   33 |                      pthread_attr_init(0); pthread_cleanup_push(0, 0);
      |                      ^~~~~~~~~~~~~~~~~
conftest.c:34:22: warning: null argument where non-null required (argument 1) [-Wnonnull]
   34 |                      pthread_create(0,0,0,0); pthread_cleanup_pop(0);
      |                      ^~~~~~~~~~~~~~
conftest.c:34:22: warning: null argument where non-null required (argument 3) [-Wnonnull]
conftest.c:32:15: warning: 'th' is used uninitialized in this function [-Wuninitialized]
   32 | pthread_t th; pthread_join(th, 0);
      |               ^~~~~~~~~~~~~~~~~~~
configure:11884: $? = 0
configure:11893: result: yes
configure:11912: checking for joinable pthread attribute
configure:11927: gcc -o conftest -g -O2 -Wextra -Wstrict-prototypes -Wmissing-prototypes -Wwrite-strings -Wno-variadic-macros -Wimport -Wfatal-errors -Wformat=2 -Winit-self -Wmissing-include-dirs -Wswitch-default -Wunknown-pragmas -pthread   conftest.c   >&5
conftest.c:30:1: warning: function declaration isn't a prototype [-Wstrict-prototypes]
   30 | main ()
      | ^~~~
configure:11927: $? = 0
configure:11933: result: PTHREAD_CREATE_JOINABLE
configure:11943: checking if more special flags are required for pthreads
configure:11950: result: no
configure:12035: checking for floor in -lm
configure:12060: gcc -o conftest -g -O2 -Wextra -Wstrict-prototypes -Wmissing-prototypes -Wwrite-strings -Wno-variadic-macros -Wimport -Wfatal-errors -Wformat=2 -Winit-self -Wmissing-include-dirs -Wswitch-default -Wunknown-pragmas   conftest.c -lm   >&5
conftest.c:36:1: warning: function declaration isn't a prototype [-Wstrict-prototypes]
   36 | char floor ();
      | ^~~~
conftest.c:36:6: warning: conflicting types for built-in function 'floor'; expected 'double(double)' [-Wbuiltin-declaration-mismatch]
   36 | char floor ();
      |      ^~~~~
conftest.c:1:1: note: 'floor' is declared in header '<math.h>'
    1 | /* confdefs.h */
conftest.c:38:1: warning: function declaration isn't a prototype [-Wstrict-prototypes]
   38 | main ()
      | ^~~~
configure:12060: $? = 0
configure:12069: result: yes
configure:12083: checking for clock_gettime, timer_create, timer_settime, timer_delete in -lrt
configure:12108: gcc -o conftest -g -O2 -Wextra -Wstrict-prototypes -Wmissing-prototypes -Wwrite-strings -Wno-variadic-macros -Wimport -Wfatal-errors -Wformat=2 -Winit-self -Wmissing-include-dirs -Wswitch-default -Wunknown-pragmas   conftest.c -lrt  -lm  >&5
conftest.c:37:1: warning: function declaration isn't a prototype [-Wstrict-prototypes]
   37 | char clock_gettime, timer_create, timer_settime, timer_delete ();
      | ^~~~
conftest.c:39:1: warning: function declaration isn't a prototype [-Wstrict-prototypes]
   39 | main ()
      | ^~~~
configure:12108: $? = 0
configure:12117: result: yes
configure:12133: checking for struct timespec.tv_sec
configure:12133: gcc -c -g -O2 -Wextra -Wstrict-prototypes -Wmissing-prototypes -Wwrite-strings -Wno-variadic-macros -Wimport -Wfatal-errors -Wformat=2 -Winit-self -Wmissing-include-dirs -Wswitch-default -Wunknown-pragmas  conftest.c >&5
conftest.c:39:1: warning: function declaration isn't a prototype [-Wstrict-prototypes]
   39 | main ()
      | ^~~~
configure:12133: $? = 0
configure:12133: result: yes
configure:12154: checking for struct timespec.tv_nsec
configure:12154: gcc -c -g -O2 -Wextra -Wstrict-prototypes -Wmissing-prototypes -Wwrite-strings -Wno-variadic-macros -Wimport -Wfatal-errors -Wformat=2 -Winit-self -Wmissing-include-dirs -Wswitch-default -Wunknown-pragmas  conftest.c >&5
conftest.c:40:1: warning: function declaration isn't a prototype [-Wstrict-prototypes]
   40 | main ()
      | ^~~~
configure:12154: $? = 0
configure:12154: result: yes
configure:12181: checking for struct itimerspec.it_interval
configure:12181: gcc -c -g -O2 -Wextra -Wstrict-prototypes -Wmissing-prototypes -Wwrite-strings -Wno-variadic-macros -Wimport -Wfatal-errors -Wformat=2 -Winit-self -Wmissing-include-dirs -Wswitch-default -Wunknown-pragmas  conftest.c >&5
conftest.c:41:1: warning: function declaration isn't a prototype [-Wstrict-prototypes]
   41 | main ()
      | ^~~~
conftest.c: In function 'main':
conftest.c:44:5: error: used struct type value where scalar is required
   44 | if (ac_aggr.it_interval)
      |     ^~~~~~~
compilation terminated due to -Wfatal-errors.
configure:12181: $? = 1
configure: failed program was:
| /* confdefs.h */
| #define PACKAGE_NAME "Check"
| #define PACKAGE_TARNAME "check"
| #define PACKAGE_VERSION "0.15.2"
| #define PACKAGE_STRING "Check 0.15.2"
| #define PACKAGE_BUGREPORT "check-devel at lists dot sourceforge dot net"
| #define PACKAGE_URL ""
| #define PACKAGE "check"
| #define VERSION "0.15.2"
| #define STDC_HEADERS 1
| #define HAVE_SYS_TYPES_H 1
| #define HAVE_SYS_STAT_H 1
| #define HAVE_STDLIB_H 1
| #define HAVE_STRING_H 1
| #define HAVE_MEMORY_H 1
| #define HAVE_STRINGS_H 1
| #define HAVE_INTTYPES_H 1
| #define HAVE_STDINT_H 1
| #define HAVE_UNISTD_H 1
| #define __EXTENSIONS__ 1
| #define _ALL_SOURCE 1
| #define _GNU_SOURCE 1
| #define _POSIX_PTHREAD_SEMANTICS 1
| #define _TANDEM_SOURCE 1
| #define HAVE_DLFCN_H 1
| #define LT_OBJDIR ".libs/"
| #define HAVE_PTHREAD 1
| #define HAVE_LIBM 1
| #define HAVE_LIBRT 1
| #define HAVE_STRUCT_TIMESPEC_TV_SEC 1
| #define HAVE_STRUCT_TIMESPEC_TV_NSEC 1
| /* end confdefs.h.  */
| 
| #include <time.h>
| #if defined(HAVE_PTHREAD)
| #include <pthread.h>
| #endif /* HAVE_PTHREAD */
| 
| 
| int
| main ()
| {
| static struct itimerspec ac_aggr;
| if (ac_aggr.it_interval)
| return 0;
|   ;
|   return 0;
| }
configure:12181: gcc -c -g -O2 -Wextra -Wstrict-prototypes -Wmissing-prototypes -Wwrite-strings -Wno-variadic-macros -Wimport -Wfatal-errors -Wformat=2 -Winit-self -Wmissing-include-dirs -Wswitch-default -Wunknown-pragmas  conftest.c >&5
conftest.c:41:1: warning: function declaration isn't a prototype [-Wstrict-prototypes]
   41 | main ()
      | ^~~~
configure:12181: $? = 0
configure:12181: result: yes
configure:12202: checking for struct itimerspec.it_value
configure:12202: gcc -c -g -O2 -Wextra -Wstrict-prototypes -Wmissing-prototypes -Wwrite-strings -Wno-variadic-macros -Wimport -Wfatal-errors -Wformat=2 -Winit-self -Wmissing-include-dirs -Wswitch-default -Wunknown-pragmas  conftest.c >&5
conftest.c:42:1: warning: function declaration isn't a prototype [-Wstrict-prototypes]
   42 | main ()
      | ^~~~
conftest.c: In function 'main':
conftest.c:45:5: error: used struct type value where scalar is required
   45 | if (ac_aggr.it_value)
      |     ^~~~~~~
compilation terminated due to -Wfatal-errors.
configure:12202: $? = 1
configure: failed program was:
| /* confdefs.h */
| #define PACKAGE_NAME "Check"
| #define PACKAGE_TARNAME "check"
| #define PACKAGE_VERSION "0.15.2"
| #define PACKAGE_STRING "Check 0.15.2"
| #define PACKAGE_BUGREPORT "check-devel at lists dot sourceforge dot net"
| #define PACKAGE_URL ""
| #define PACKAGE "check"
| #define VERSION "0.15.2"
| #define STDC_HEADERS 1
| #define HAVE_SYS_TYPES_H 1
| #define HAVE_SYS_STAT_H 1
| #define HAVE_STDLIB_H 1
| #define HAVE_STRING_H 1
| #define HAVE_MEMORY_H 1
| #define HAVE_STRINGS_H 1
| #define HAVE_INTTYPES_H 1
| #define HAVE_STDINT_H 1
| #define HAVE_UNISTD_H 1
| #define __EXTENSIONS__ 1
| #define _ALL_SOURCE 1
| #define _GNU_SOURCE 1
| #define _POSIX_PTHREAD_SEMANTICS 1
| #define _TANDEM_SOURCE 1
| #define HAVE_DLFCN_H 1
| #define LT_OBJDIR ".libs/"
| #define HAVE_PTHREAD 1
| #define HAVE_LIBM 1
| #define HAVE_LIBRT 1
| #define HAVE_STRUCT_TIMESPEC_TV_SEC 1
| #define HAVE_STRUCT_TIMESPEC_TV_NSEC 1
| #define HAVE_STRUCT_ITIMERSPEC_IT_INTERVAL 1
| /* end confdefs.h.  */
| 
| #include <time.h>
| #if defined(HAVE_PTHREAD)
| #include <pthread.h>
| #endif /* HAVE_PTHREAD */
| 
| 
| int
| main ()
| {
| static struct itimerspec ac_aggr;
| if (ac_aggr.it_value)
| return 0;
|   ;
|   return 0;
| }
configure:12202: gcc -c -g -O2 -Wextra -Wstrict-prototypes -Wmissing-prototypes -Wwrite-strings -Wno-variadic-macros -Wimport -Wfatal-errors -Wformat=2 -Winit-self -Wmissing-include-dirs -Wswitch-default -Wunknown-pragmas  conftest.c >&5
conftest.c:42:1: warning: function declaration isn't a prototype [-Wstrict-prototypes]
   42 | main ()
      | ^~~~
configure:12202: $? = 0
configure:12202: result: yes
configure:12226: checking for ANSI C header files
configure:12330: result: yes
configure:12338: checking for sys/wait.h that is POSIX.1 compatible
configure:12364: gcc -c -g -O2 -Wextra -Wstrict-prototypes -Wmissing-prototypes -Wwrite-strings -Wno-variadic-macros -Wimport -Wfatal-errors -Wformat=2 -Winit-self -Wmissing-include-dirs -Wswitch-default -Wunknown-pragmas  conftest.c >&5
conftest.c:46:1: warning: function declaration isn't a prototype [-Wstrict-prototypes]
   46 | main ()
      | ^~~~
configure:12364: $? = 0
configure:12371: result: yes
configure:12382: checking fcntl.h usability
configure:12382: gcc -c -g -O2 -Wextra -Wstrict-prototypes -Wmissing-prototypes -Wwrite-strings -Wno-variadic-macros -Wimport -Wfatal-errors -Wformat=2 -Winit-self -Wmissing-include-dirs -Wswitch-default -Wunknown-pragmas  conftest.c >&5
configure:12382: $? = 0
configure:12382: result: yes
configure:12382: checking fcntl.h presence
configure:12382: gcc -E  conftest.c
configure:12382: $? = 0
configure:12382: result: yes
configure:12382: checking for fcntl.h
configure:12382: result: yes
configure:12382: checking stddef.h usability
configure:12382: gcc -c -g -O2 -Wextra -Wstrict-prototypes -Wmissing-prototypes -Wwrite-strings -Wno-variadic-macros -Wimport -Wfatal-errors -Wformat=2 -Winit-self -Wmissing-include-dirs -Wswitch-default -Wunknown-pragmas  conftest.c >&5
configure:12382: $? = 0
configure:12382: result: yes
configure:12382: checking stddef.h presence
configure:12382: gcc -E  conftest.c
configure:12382: $? = 0
configure:12382: result: yes
configure:12382: checking for stddef.h
configure:12382: result: yes
configure:12382: checking for stdlib.h
configure:12382: result: yes
configure:12382: checking for string.h
configure:12382: result: yes
configure:12382: checking sys/time.h usability
configure:12382: gcc -c -g -O2 -Wextra -Wstrict-prototypes -Wmissing-prototypes -Wwrite-strings -Wno-variadic-macros -Wimport -Wfatal-errors -Wformat=2 -Winit-self -Wmissing-include-dirs -Wswitch-default -Wunknown-pragmas  conftest.c >&5
configure:12382: $? = 0
configure:12382: result: yes
configure:12382: checking sys/time.h presence
configure:12382: gcc -E  conftest.c
configure:12382: $? = 0
configure:12382: result: yes
configure:12382: checking for sys/time.h
configure:12382: result: yes
configure:12382: checking for unistd.h
configure:12382: result: yes
configure:12393: checking for stdint types
configure:12416: gcc -c   conftest.c >&5
configure:12416: $? = 0
configure:12460: result: stdint.h (shortcircuit)
configure:12847: result: make use of stdint.h in check_stdint.h (assuming C99 compatible system)
configure:12909: checking for pkg-config
configure:12927: found /usr/bin/pkg-config
configure:12939: result: /usr/bin/pkg-config
configure:12964: checking pkg-config is at least version 0.9.0
configure:12967: result: yes
configure:12978: $PKG_CONFIG --exists --print-errors "libsubunit"
Package libsubunit was not found in the pkg-config search path.
Perhaps you should add the directory containing `libsubunit.pc'
to the PKG_CONFIG_PATH environment variable
No package 'libsubunit' found
configure:12981: $? = 1
configure:13111: checking regex.h usability
configure:13111: gcc -c -g -O2 -Wextra -Wstrict-prototypes -Wmissing-prototypes -Wwrite-strings -Wno-variadic-macros -Wimport -Wfatal-errors -Wformat=2 -Winit-self -Wmissing-include-dirs -Wswitch-default -Wunknown-pragmas  conftest.c >&5
configure:13111: $? = 0
configure:13111: result: yes
configure:13111: checking regex.h presence
configure:13111: gcc -E  conftest.c
configure:13111: $? = 0
configure:13111: result: yes
configure:13111: checking for regex.h
configure:13111: result: yes
configure:13127: checking windows.h usability
configure:13127: gcc -c -g -O2 -Wextra -Wstrict-prototypes -Wmissing-prototypes -Wwrite-strings -Wno-variadic-macros -Wimport -Wfatal-errors -Wformat=2 -Winit-self -Wmissing-include-dirs -Wswitch-default -Wunknown-pragmas  conftest.c >&5
conftest.c:78:10: fatal error: windows.h: No such file or directory
   78 | #include <windows.h>
      |          ^~~~~~~~~~~
compilation terminated.
configure:13127: $? = 1
configure: failed program was:
| /* confdefs.h */
| #define PACKAGE_NAME "Check"
| #define PACKAGE_TARNAME "check"
| #define PACKAGE_VERSION "0.15.2"
| #define PACKAGE_STRING "Check 0.15.2"
| #define PACKAGE_BUGREPORT "check-devel at lists dot sourceforge dot net"
| #define PACKAGE_URL ""
| #define PACKAGE "check"
| #define VERSION "0.15.2"
| #define STDC_HEADERS 1
| #define HAVE_SYS_TYPES_H 1
| #define HAVE_SYS_STAT_H 1
| #define HAVE_STDLIB_H 1
| #define HAVE_STRING_H 1
| #define HAVE_MEMORY_H 1
| #define HAVE_STRINGS_H 1
| #define HAVE_INTTYPES_H 1
| #define HAVE_STDINT_H 1
| #define HAVE_UNISTD_H 1
| #define __EXTENSIONS__ 1
| #define _ALL_SOURCE 1
| #define _GNU_SOURCE 1
| #define _POSIX_PTHREAD_SEMANTICS 1
| #define _TANDEM_SOURCE 1
| #define HAVE_DLFCN_H 1
| #define LT_OBJDIR ".libs/"
| #define HAVE_PTHREAD 1
| #define HAVE_LIBM 1
| #define HAVE_LIBRT 1
| #define HAVE_STRUCT_TIMESPEC_TV_SEC 1
| #define HAVE_STRUCT_TIMESPEC_TV_NSEC 1
| #define HAVE_STRUCT_ITIMERSPEC_IT_INTERVAL 1
| #define HAVE_STRUCT_ITIMERSPEC_IT_VALUE 1
| #define STDC_HEADERS 1
| #define HAVE_SYS_WAIT_H 1
| #define HAVE_FCNTL_H 1
| #define HAVE_STDDEF_H 1
| #define HAVE_STDLIB_H 1
| #define HAVE_STRING_H 1
| #define HAVE_SYS_TIME_H 1
| #define HAVE_UNISTD_H 1
| #define ENABLE_SUBUNIT 0
| #define HAVE_REGEX_H 1
| /* end confdefs.h.  */
| #include <stdio.h>
| #ifdef HAVE_SYS_TYPES_H
| # include <sys/types.h>
| #endif
| #ifdef HAVE_SYS_STAT_H
| # include <sys/stat.h>
| #endif
| #ifdef STDC_HEADERS
| # include <stdlib.h>
| # include <stddef.h>
| #else
| # ifdef HAVE_STDLIB_H
| #  include <stdlib.h>
| # endif
| #endif
| #ifdef HAVE_STRING_H
| # if !defined STDC_HEADERS && defined HAVE_MEMORY_H
| #  include <memory.h>
| # endif
| # include <string.h>
| #endif
| #ifdef HAVE_STRINGS_H
| # include <strings.h>
| #endif
| #ifdef HAVE_INTTYPES_H
| # include <inttypes.h>
| #endif
| #ifdef HAVE_STDINT_H
| # include <stdint.h>
| #endif
| #ifdef HAVE_UNISTD_H
| # include <unistd.h>
| #endif
| #include <windows.h>
configure:13127: result: no
configure:13127: checking windows.h presence
configure:13127: gcc -E  conftest.c
conftest.c:45:10: fatal error: windows.h: No such file or directory
   45 | #include <windows.h>
      |          ^~~~~~~~~~~
compilation terminated.
configure:13127: $? = 1
configure: failed program was:
| /* confdefs.h */
| #define PACKAGE_NAME "Check"
| #define PACKAGE_TARNAME "check"
| #define PACKAGE_VERSION "0.15.2"
| #define PACKAGE_STRING "Check 0.15.2"
| #define PACKAGE_BUGREPORT "check-devel at lists dot sourceforge dot net"
| #define PACKAGE_URL ""
| #define PACKAGE "check"
| #define VERSION "0.15.2"
| #define STDC_HEADERS 1
| #define HAVE_SYS_TYPES_H 1
| #define HAVE_SYS_STAT_H 1
| #define HAVE_STDLIB_H 1
| #define HAVE_STRING_H 1
| #define HAVE_MEMORY_H 1
| #define HAVE_STRINGS_H 1
| #define HAVE_INTTYPES_H 1
| #define HAVE_STDINT_H 1
| #define HAVE_UNISTD_H 1
| #define __EXTENSIONS__ 1
| #define _ALL_SOURCE 1
| #define _GNU_SOURCE 1
| #define _POSIX_PTHREAD_SEMANTICS 1
| #define _TANDEM_SOURCE 1
| #define HAVE_DLFCN_H 1
| #define LT_OBJDIR ".libs/"
| #define HAVE_PTHREAD 1
| #define HAVE_LIBM 1
| #define HAVE_LIBRT 1
| #define HAVE_STRUCT_TIMESPEC_TV_SEC 1
| #define HAVE_STRUCT_TIMESPEC_TV_NSEC 1
| #define HAVE_STRUCT_ITIMERSPEC_IT_INTERVAL 1
| #define HAVE_STRUCT_ITIMERSPEC_IT_VALUE 1
| #define STDC_HEADERS 1
| #define HAVE_SYS_WAIT_H 1
| #define HAVE_FCNTL_H 1
| #define HAVE_STDDEF_H 1
| #define HAVE_STDLIB_H 1
| #define HAVE_STRING_H 1
| #define HAVE_SYS_TIME_H 1
| #define HAVE_UNISTD_H 1
| #define ENABLE_SUBUNIT 0
| #define HAVE_REGEX_H 1
| /* end confdefs.h.  */
| #include <windows.h>
configure:13127: result: no
configure:13127: checking for windows.h
configure:13127: result: no
configure:13144: checking for InitOnceBeginInitialize
configure:13144: gcc -o conftest -g -O2 -Wextra -Wstrict-prototypes -Wmissing-prototypes -Wwrite-strings -Wno-variadic-macros -Wimport -Wfatal-errors -Wformat=2 -Winit-self -Wmissing-include-dirs -Wswitch-default -Wunknown-pragmas   conftest.c -lrt -lm  >&5
conftest.c:68:1: warning: function declaration isn't a prototype [-Wstrict-prototypes]
   68 | char InitOnceBeginInitialize ();
      | ^~~~
conftest.c:77:1: warning: function declaration isn't a prototype [-Wstrict-prototypes]
   77 | main ()
      | ^~~~
/usr/bin/ld: /tmp/ccMdWIUK.o: in function `main':
/mnt/nfs/homes/jgarcia/CLionProjects/minishell/unit_tests/check-0.15.2/conftest.c:79: undefined reference to `InitOnceBeginInitialize'
collect2: error: ld returned 1 exit status
configure:13144: $? = 1
configure: failed program was:
| /* confdefs.h */
| #define PACKAGE_NAME "Check"
| #define PACKAGE_TARNAME "check"
| #define PACKAGE_VERSION "0.15.2"
| #define PACKAGE_STRING "Check 0.15.2"
| #define PACKAGE_BUGREPORT "check-devel at lists dot sourceforge dot net"
| #define PACKAGE_URL ""
| #define PACKAGE "check"
| #define VERSION "0.15.2"
| #define STDC_HEADERS 1
| #define HAVE_SYS_TYPES_H 1
| #define HAVE_SYS_STAT_H 1
| #define HAVE_STDLIB_H 1
| #define HAVE_STRING_H 1
| #define HAVE_MEMORY_H 1
| #define HAVE_STRINGS_H 1
| #define HAVE_INTTYPES_H 1
| #define HAVE_STDINT_H 1
| #define HAVE_UNISTD_H 1
| #define __EXTENSIONS__ 1
| #define _ALL_SOURCE 1
| #define _GNU_SOURCE 1
| #define _POSIX_PTHREAD_SEMANTICS 1
| #define _TANDEM_SOURCE 1
| #define HAVE_DLFCN_H 1
| #define LT_OBJDIR ".libs/"
| #define HAVE_PTHREAD 1
| #define HAVE_LIBM 1
| #define HAVE_LIBRT 1
| #define HAVE_STRUCT_TIMESPEC_TV_SEC 1
| #define HAVE_STRUCT_TIMESPEC_TV_NSEC 1
| #define HAVE_STRUCT_ITIMERSPEC_IT_INTERVAL 1
| #define HAVE_STRUCT_ITIMERSPEC_IT_VALUE 1
| #define STDC_HEADERS 1
| #define HAVE_SYS_WAIT_H 1
| #define HAVE_FCNTL_H 1
| #define HAVE_STDDEF_H 1
| #define HAVE_STDLIB_H 1
| #define HAVE_STRING_H 1
| #define HAVE_SYS_TIME_H 1
| #define HAVE_UNISTD_H 1
| #define ENABLE_SUBUNIT 0
| #define HAVE_REGEX_H 1
| /* end confdefs.h.  */
| /* Define InitOnceBeginInitialize to an innocuous variant, in case <limits.h> declares InitOnceBeginInitialize.
|    For example, HP-UX 11i <limits.h> declares gettimeofday.  */
| #define InitOnceBeginInitialize innocuous_InitOnceBeginInitialize
| 
| /* System header to define __stub macros and hopefully few prototypes,
|     which can conflict with char InitOnceBeginInitialize (); below.
|     Prefer <limits.h> to <assert.h> if __STDC__ is defined, since
|     <limits.h> exists even on freestanding compilers.  */
| 
| #ifdef __STDC__
| # include <limits.h>
| #else
| # include <assert.h>
| #endif
| 
| #undef InitOnceBeginInitialize
| 
| /* Override any GCC internal prototype to avoid an error.
|    Use char because int might match the return type of a GCC
|    builtin and then its argument prototype would still apply.  */
| #ifdef __cplusplus
| extern "C"
| #endif
| char InitOnceBeginInitialize ();
| /* The GNU C library defines this for functions which it implements
|     to always fail with ENOSYS.  Some functions are actually named
|     something starting with __ and the normal name is an alias.  */
| #if defined __stub_InitOnceBeginInitialize || defined __stub___InitOnceBeginInitialize
| choke me
| #endif
| 
| int
| main ()
| {
| return InitOnceBeginInitialize ();
|   ;
|   return 0;
| }
configure:13144: result: no
configure:13157: checking for InitOnceComplete
configure:13157: gcc -o conftest -g -O2 -Wextra -Wstrict-prototypes -Wmissing-prototypes -Wwrite-strings -Wno-variadic-macros -Wimport -Wfatal-errors -Wformat=2 -Winit-self -Wmissing-include-dirs -Wswitch-default -Wunknown-pragmas   conftest.c -lrt -lm  >&5
conftest.c:68:1: warning: function declaration isn't a prototype [-Wstrict-prototypes]
   68 | char InitOnceComplete ();
      | ^~~~
conftest.c:77:1: warning: function declaration isn't a prototype [-Wstrict-prototypes]
   77 | main ()
      | ^~~~
/usr/bin/ld: /tmp/cc7p9uvO.o: in function `main':
/mnt/nfs/homes/jgarcia/CLionProjects/minishell/unit_tests/check-0.15.2/conftest.c:79: undefined reference to `InitOnceComplete'
collect2: error: ld returned 1 exit status
configure:13157: $? = 1
configure: failed program was:
| /* confdefs.h */
| #define PACKAGE_NAME "Check"
| #define PACKAGE_TARNAME "check"
| #define PACKAGE_VERSION "0.15.2"
| #define PACKAGE_STRING "Check 0.15.2"
| #define PACKAGE_BUGREPORT "check-devel at lists dot sourceforge dot net"
| #define PACKAGE_URL ""
| #define PACKAGE "check"
| #define VERSION "0.15.2"
| #define STDC_HEADERS 1
| #define HAVE_SYS_TYPES_H 1
| #define HAVE_SYS_STAT_H 1
| #define HAVE_STDLIB_H 1
| #define HAVE_STRING_H 1
| #define HAVE_MEMORY_H 1
| #define HAVE_STRINGS_H 1
| #define HAVE_INTTYPES_H 1
| #define HAVE_STDINT_H 1
| #define HAVE_UNISTD_H 1
| #define __EXTENSIONS__ 1
| #define _ALL_SOURCE 1
| #define _GNU_SOURCE 1
| #define _POSIX_PTHREAD_SEMANTICS 1
| #define _TANDEM_SOURCE 1
| #define HAVE_DLFCN_H 1
| #define LT_OBJDIR ".libs/"
| #define HAVE_PTHREAD 1
| #define HAVE_LIBM 1
| #define HAVE_LIBRT 1
| #define HAVE_STRUCT_TIMESPEC_TV_SEC 1
| #define HAVE_STRUCT_TIMESPEC_TV_NSEC 1
| #define HAVE_STRUCT_ITIMERSPEC_IT_INTERVAL 1
| #define HAVE_STRUCT_ITIMERSPEC_IT_VALUE 1
| #define STDC_HEADERS 1
| #define HAVE_SYS_WAIT_H 1
| #define HAVE_FCNTL_H 1
| #define HAVE_STDDEF_H 1
| #define HAVE_STDLIB_H 1
| #define HAVE_STRING_H 1
| #define HAVE_SYS_TIME_H 1
| #define HAVE_UNISTD_H 1
| #define ENABLE_SUBUNIT 0
| #define HAVE_REGEX_H 1
| /* end confdefs.h.  */
| /* Define InitOnceComplete to an innocuous variant, in case <limits.h> declares InitOnceComplete.
|    For example, HP-UX 11i <limits.h> declares gettimeofday.  */
| #define InitOnceComplete innocuous_InitOnceComplete
| 
| /* System header to define __stub macros and hopefully few prototypes,
|     which can conflict with char InitOnceComplete (); below.
|     Prefer <limits.h> to <assert.h> if __STDC__ is defined, since
|     <limits.h> exists even on freestanding compilers.  */
| 
| #ifdef __STDC__
| # include <limits.h>
| #else
| # include <assert.h>
| #endif
| 
| #undef InitOnceComplete
| 
| /* Override any GCC internal prototype to avoid an error.
|    Use char because int might match the return type of a GCC
|    builtin and then its argument prototype would still apply.  */
| #ifdef __cplusplus
| extern "C"
| #endif
| char InitOnceComplete ();
| /* The GNU C library defines this for functions which it implements
|     to always fail with ENOSYS.  Some functions are actually named
|     something starting with __ and the normal name is an alias.  */
| #if defined __stub_InitOnceComplete || defined __stub___InitOnceComplete
| choke me
| #endif
| 
| int
| main ()
| {
| return InitOnceComplete ();
|   ;
|   return 0;
| }
configure:13157: result: no
configure:13175: checking for regcomp
configure:13175: gcc -o conftest -g -O2 -Wextra -Wstrict-prototypes -Wmissing-prototypes -Wwrite-strings -Wno-variadic-macros -Wimport -Wfatal-errors -Wformat=2 -Winit-self -Wmissing-include-dirs -Wswitch-default -Wunknown-pragmas   conftest.c -lrt -lm  >&5
conftest.c:68:1: warning: function declaration isn't a prototype [-Wstrict-prototypes]
   68 | char regcomp ();
      | ^~~~
conftest.c:77:1: warning: function declaration isn't a prototype [-Wstrict-prototypes]
   77 | main ()
      | ^~~~
configure:13175: $? = 0
configure:13175: result: yes
configure:13175: checking for regexec
configure:13175: gcc -o conftest -g -O2 -Wextra -Wstrict-prototypes -Wmissing-prototypes -Wwrite-strings -Wno-variadic-macros -Wimport -Wfatal-errors -Wformat=2 -Winit-self -Wmissing-include-dirs -Wswitch-default -Wunknown-pragmas   conftest.c -lrt -lm  >&5
conftest.c:69:1: warning: function declaration isn't a prototype [-Wstrict-prototypes]
   69 | char regexec ();
      | ^~~~
conftest.c:78:1: warning: function declaration isn't a prototype [-Wstrict-prototypes]
   78 | main ()
      | ^~~~
configure:13175: $? = 0
configure:13175: result: yes
configure:13209: checking for an ANSI C-conforming const
configure:13275: gcc -c -g -O2 -Wextra -Wstrict-prototypes -Wmissing-prototypes -Wwrite-strings -Wno-variadic-macros -Wimport -Wfatal-errors -Wformat=2 -Winit-self -Wmissing-include-dirs -Wswitch-default -Wunknown-pragmas  conftest.c >&5
conftest.c:51:1: warning: function declaration isn't a prototype [-Wstrict-prototypes]
   51 | main ()
      | ^~~~
configure:13275: $? = 0
configure:13282: result: yes
configure:13290: checking for pid_t
configure:13290: gcc -c -g -O2 -Wextra -Wstrict-prototypes -Wmissing-prototypes -Wwrite-strings -Wno-variadic-macros -Wimport -Wfatal-errors -Wformat=2 -Winit-self -Wmissing-include-dirs -Wswitch-default -Wunknown-pragmas  conftest.c >&5
conftest.c:83:1: warning: function declaration isn't a prototype [-Wstrict-prototypes]
   83 | main ()
      | ^~~~
configure:13290: $? = 0
configure:13290: gcc -c -g -O2 -Wextra -Wstrict-prototypes -Wmissing-prototypes -Wwrite-strings -Wno-variadic-macros -Wimport -Wfatal-errors -Wformat=2 -Winit-self -Wmissing-include-dirs -Wswitch-default -Wunknown-pragmas  conftest.c >&5
conftest.c:83:1: warning: function declaration isn't a prototype [-Wstrict-prototypes]
   83 | main ()
      | ^~~~
conftest.c: In function 'main':
conftest.c:85:20: error: expected expression before ')' token
   85 | if (sizeof ((pid_t)))
      |                    ^
compilation terminated due to -Wfatal-errors.
configure:13290: $? = 1
configure: failed program was:
| /* confdefs.h */
| #define PACKAGE_NAME "Check"
| #define PACKAGE_TARNAME "check"
| #define PACKAGE_VERSION "0.15.2"
| #define PACKAGE_STRING "Check 0.15.2"
| #define PACKAGE_BUGREPORT "check-devel at lists dot sourceforge dot net"
| #define PACKAGE_URL ""
| #define PACKAGE "check"
| #define VERSION "0.15.2"
| #define STDC_HEADERS 1
| #define HAVE_SYS_TYPES_H 1
| #define HAVE_SYS_STAT_H 1
| #define HAVE_STDLIB_H 1
| #define HAVE_STRING_H 1
| #define HAVE_MEMORY_H 1
| #define HAVE_STRINGS_H 1
| #define HAVE_INTTYPES_H 1
| #define HAVE_STDINT_H 1
| #define HAVE_UNISTD_H 1
| #define __EXTENSIONS__ 1
| #define _ALL_SOURCE 1
| #define _GNU_SOURCE 1
| #define _POSIX_PTHREAD_SEMANTICS 1
| #define _TANDEM_SOURCE 1
| #define HAVE_DLFCN_H 1
| #define LT_OBJDIR ".libs/"
| #define HAVE_PTHREAD 1
| #define HAVE_LIBM 1
| #define HAVE_LIBRT 1
| #define HAVE_STRUCT_TIMESPEC_TV_SEC 1
| #define HAVE_STRUCT_TIMESPEC_TV_NSEC 1
| #define HAVE_STRUCT_ITIMERSPEC_IT_INTERVAL 1
| #define HAVE_STRUCT_ITIMERSPEC_IT_VALUE 1
| #define STDC_HEADERS 1
| #define HAVE_SYS_WAIT_H 1
| #define HAVE_FCNTL_H 1
| #define HAVE_STDDEF_H 1
| #define HAVE_STDLIB_H 1
| #define HAVE_STRING_H 1
| #define HAVE_SYS_TIME_H 1
| #define HAVE_UNISTD_H 1
| #define ENABLE_SUBUNIT 0
| #define HAVE_REGEX_H 1
| #define HAVE_REGCOMP 1
| #define HAVE_REGEXEC 1
| #define HAVE_REGEX 1
| #define ENABLE_REGEX 1
| /* end confdefs.h.  */
| #include <stdio.h>
| #ifdef HAVE_SYS_TYPES_H
| # include <sys/types.h>
| #endif
| #ifdef HAVE_SYS_STAT_H
| # include <sys/stat.h>
| #endif
| #ifdef STDC_HEADERS
| # include <stdlib.h>
| # include <stddef.h>
| #else
| # ifdef HAVE_STDLIB_H
| #  include <stdlib.h>
| # endif
| #endif
| #ifdef HAVE_STRING_H
| # if !defined STDC_HEADERS && defined HAVE_MEMORY_H
| #  include <memory.h>
| # endif
| # include <string.h>
| #endif
| #ifdef HAVE_STRINGS_H
| # include <strings.h>
| #endif
| #ifdef HAVE_INTTYPES_H
| # include <inttypes.h>
| #endif
| #ifdef HAVE_STDINT_H
| # include <stdint.h>
| #endif
| #ifdef HAVE_UNISTD_H
| # include <unistd.h>
| #endif
| int
| main ()
| {
| if (sizeof ((pid_t)))
| 	    return 0;
|   ;
|   return 0;
| }
configure:13290: result: yes
configure:13301: checking for size_t
configure:13301: gcc -c -g -O2 -Wextra -Wstrict-prototypes -Wmissing-prototypes -Wwrite-strings -Wno-variadic-macros -Wimport -Wfatal-errors -Wformat=2 -Winit-self -Wmissing-include-dirs -Wswitch-default -Wunknown-pragmas  conftest.c >&5
conftest.c:83:1: warning: function declaration isn't a prototype [-Wstrict-prototypes]
   83 | main ()
      | ^~~~
configure:13301: $? = 0
configure:13301: gcc -c -g -O2 -Wextra -Wstrict-prototypes -Wmissing-prototypes -Wwrite-strings -Wno-variadic-macros -Wimport -Wfatal-errors -Wformat=2 -Winit-self -Wmissing-include-dirs -Wswitch-default -Wunknown-pragmas  conftest.c >&5
conftest.c:83:1: warning: function declaration isn't a prototype [-Wstrict-prototypes]
   83 | main ()
      | ^~~~
conftest.c: In function 'main':
conftest.c:85:21: error: expected expression before ')' token
   85 | if (sizeof ((size_t)))
      |                     ^
compilation terminated due to -Wfatal-errors.
configure:13301: $? = 1
configure: failed program was:
| /* confdefs.h */
| #define PACKAGE_NAME "Check"
| #define PACKAGE_TARNAME "check"
| #define PACKAGE_VERSION "0.15.2"
| #define PACKAGE_STRING "Check 0.15.2"
| #define PACKAGE_BUGREPORT "check-devel at lists dot sourceforge dot net"
| #define PACKAGE_URL ""
| #define PACKAGE "check"
| #define VERSION "0.15.2"
| #define STDC_HEADERS 1
| #define HAVE_SYS_TYPES_H 1
| #define HAVE_SYS_STAT_H 1
| #define HAVE_STDLIB_H 1
| #define HAVE_STRING_H 1
| #define HAVE_MEMORY_H 1
| #define HAVE_STRINGS_H 1
| #define HAVE_INTTYPES_H 1
| #define HAVE_STDINT_H 1
| #define HAVE_UNISTD_H 1
| #define __EXTENSIONS__ 1
| #define _ALL_SOURCE 1
| #define _GNU_SOURCE 1
| #define _POSIX_PTHREAD_SEMANTICS 1
| #define _TANDEM_SOURCE 1
| #define HAVE_DLFCN_H 1
| #define LT_OBJDIR ".libs/"
| #define HAVE_PTHREAD 1
| #define HAVE_LIBM 1
| #define HAVE_LIBRT 1
| #define HAVE_STRUCT_TIMESPEC_TV_SEC 1
| #define HAVE_STRUCT_TIMESPEC_TV_NSEC 1
| #define HAVE_STRUCT_ITIMERSPEC_IT_INTERVAL 1
| #define HAVE_STRUCT_ITIMERSPEC_IT_VALUE 1
| #define STDC_HEADERS 1
| #define HAVE_SYS_WAIT_H 1
| #define HAVE_FCNTL_H 1
| #define HAVE_STDDEF_H 1
| #define HAVE_STDLIB_H 1
| #define HAVE_STRING_H 1
| #define HAVE_SYS_TIME_H 1
| #define HAVE_UNISTD_H 1
| #define ENABLE_SUBUNIT 0
| #define HAVE_REGEX_H 1
| #define HAVE_REGCOMP 1
| #define HAVE_REGEXEC 1
| #define HAVE_REGEX 1
| #define ENABLE_REGEX 1
| /* end confdefs.h.  */
| #include <stdio.h>
| #ifdef HAVE_SYS_TYPES_H
| # include <sys/types.h>
| #endif
| #ifdef HAVE_SYS_STAT_H
| # include <sys/stat.h>
| #endif
| #ifdef STDC_HEADERS
| # include <stdlib.h>
| # include <stddef.h>
| #else
| # ifdef HAVE_STDLIB_H
| #  include <stdlib.h>
| # endif
| #endif
| #ifdef HAVE_STRING_H
| # if !defined STDC_HEADERS && defined HAVE_MEMORY_H
| #  include <memory.h>
| # endif
| # include <string.h>
| #endif
| #ifdef HAVE_STRINGS_H
| # include <strings.h>
| #endif
| #ifdef HAVE_INTTYPES_H
| # include <inttypes.h>
| #endif
| #ifdef HAVE_STDINT_H
| # include <stdint.h>
| #endif
| #ifdef HAVE_UNISTD_H
| # include <unistd.h>
| #endif
| int
| main ()
| {
| if (sizeof ((size_t)))
| 	    return 0;
|   ;
|   return 0;
| }
configure:13301: result: yes
configure:13313: checking for unsigned long long int
configure:13352: gcc -o conftest -g -O2 -Wextra -Wstrict-prototypes -Wmissing-prototypes -Wwrite-strings -Wno-variadic-macros -Wimport -Wfatal-errors -Wformat=2 -Winit-self -Wmissing-include-dirs -Wswitch-default -Wunknown-pragmas   conftest.c -lrt -lm  >&5
conftest.c:65:1: warning: function declaration isn't a prototype [-Wstrict-prototypes]
   65 | main ()
      | ^~~~
configure:13352: $? = 0
configure:13361: result: yes
configure:13371: checking for long long int
configure:13409: gcc -o conftest -g -O2 -Wextra -Wstrict-prototypes -Wmissing-prototypes -Wwrite-strings -Wno-variadic-macros -Wimport -Wfatal-errors -Wformat=2 -Winit-self -Wmissing-include-dirs -Wswitch-default -Wunknown-pragmas   conftest.c -lrt -lm  >&5
conftest.c:56:1: warning: function declaration isn't a prototype [-Wstrict-prototypes]
   56 | main ()
      | ^~~~
configure:13409: $? = 0
configure:13409: ./conftest
configure:13409: $? = 0
configure:13421: result: yes
configure:13431: checking for intmax_t
configure:13431: gcc -c -g -O2 -Wextra -Wstrict-prototypes -Wmissing-prototypes -Wwrite-strings -Wno-variadic-macros -Wimport -Wfatal-errors -Wformat=2 -Winit-self -Wmissing-include-dirs -Wswitch-default -Wunknown-pragmas  conftest.c >&5
conftest.c:85:1: warning: function declaration isn't a prototype [-Wstrict-prototypes]
   85 | main ()
      | ^~~~
configure:13431: $? = 0
configure:13431: gcc -c -g -O2 -Wextra -Wstrict-prototypes -Wmissing-prototypes -Wwrite-strings -Wno-variadic-macros -Wimport -Wfatal-errors -Wformat=2 -Winit-self -Wmissing-include-dirs -Wswitch-default -Wunknown-pragmas  conftest.c >&5
conftest.c:85:1: warning: function declaration isn't a prototype [-Wstrict-prototypes]
   85 | main ()
      | ^~~~
conftest.c: In function 'main':
conftest.c:87:23: error: expected expression before ')' token
   87 | if (sizeof ((intmax_t)))
      |                       ^
compilation terminated due to -Wfatal-errors.
configure:13431: $? = 1
configure: failed program was:
| /* confdefs.h */
| #define PACKAGE_NAME "Check"
| #define PACKAGE_TARNAME "check"
| #define PACKAGE_VERSION "0.15.2"
| #define PACKAGE_STRING "Check 0.15.2"
| #define PACKAGE_BUGREPORT "check-devel at lists dot sourceforge dot net"
| #define PACKAGE_URL ""
| #define PACKAGE "check"
| #define VERSION "0.15.2"
| #define STDC_HEADERS 1
| #define HAVE_SYS_TYPES_H 1
| #define HAVE_SYS_STAT_H 1
| #define HAVE_STDLIB_H 1
| #define HAVE_STRING_H 1
| #define HAVE_MEMORY_H 1
| #define HAVE_STRINGS_H 1
| #define HAVE_INTTYPES_H 1
| #define HAVE_STDINT_H 1
| #define HAVE_UNISTD_H 1
| #define __EXTENSIONS__ 1
| #define _ALL_SOURCE 1
| #define _GNU_SOURCE 1
| #define _POSIX_PTHREAD_SEMANTICS 1
| #define _TANDEM_SOURCE 1
| #define HAVE_DLFCN_H 1
| #define LT_OBJDIR ".libs/"
| #define HAVE_PTHREAD 1
| #define HAVE_LIBM 1
| #define HAVE_LIBRT 1
| #define HAVE_STRUCT_TIMESPEC_TV_SEC 1
| #define HAVE_STRUCT_TIMESPEC_TV_NSEC 1
| #define HAVE_STRUCT_ITIMERSPEC_IT_INTERVAL 1
| #define HAVE_STRUCT_ITIMERSPEC_IT_VALUE 1
| #define STDC_HEADERS 1
| #define HAVE_SYS_WAIT_H 1
| #define HAVE_FCNTL_H 1
| #define HAVE_STDDEF_H 1
| #define HAVE_STDLIB_H 1
| #define HAVE_STRING_H 1
| #define HAVE_SYS_TIME_H 1
| #define HAVE_UNISTD_H 1
| #define ENABLE_SUBUNIT 0
| #define HAVE_REGEX_H 1
| #define HAVE_REGCOMP 1
| #define HAVE_REGEXEC 1
| #define HAVE_REGEX 1
| #define ENABLE_REGEX 1
| #define HAVE_UNSIGNED_LONG_LONG_INT 1
| #define HAVE_LONG_LONG_INT 1
| /* end confdefs.h.  */
| #include <stdio.h>
| #ifdef HAVE_SYS_TYPES_H
| # include <sys/types.h>
| #endif
| #ifdef HAVE_SYS_STAT_H
| # include <sys/stat.h>
| #endif
| #ifdef STDC_HEADERS
| # include <stdlib.h>
| # include <stddef.h>
| #else
| # ifdef HAVE_STDLIB_H
| #  include <stdlib.h>
| # endif
| #endif
| #ifdef HAVE_STRING_H
| # if !defined STDC_HEADERS && defined HAVE_MEMORY_H
| #  include <memory.h>
| # endif
| # include <string.h>
| #endif
| #ifdef HAVE_STRINGS_H
| # include <strings.h>
| #endif
| #ifdef HAVE_INTTYPES_H
| # include <inttypes.h>
| #endif
| #ifdef HAVE_STDINT_H
| # include <stdint.h>
| #endif
| #ifdef HAVE_UNISTD_H
| # include <unistd.h>
| #endif
| int
| main ()
| {
| if (sizeof ((intmax_t)))
| 	    return 0;
|   ;
|   return 0;
| }
configure:13431: result: yes
configure:13450: checking for uintmax_t
configure:13450: gcc -c -g -O2 -Wextra -Wstrict-prototypes -Wmissing-prototypes -Wwrite-strings -Wno-variadic-macros -Wimport -Wfatal-errors -Wformat=2 -Winit-self -Wmissing-include-dirs -Wswitch-default -Wunknown-pragmas  conftest.c >&5
conftest.c:86:1: warning: function declaration isn't a prototype [-Wstrict-prototypes]
   86 | main ()
      | ^~~~
configure:13450: $? = 0
configure:13450: gcc -c -g -O2 -Wextra -Wstrict-prototypes -Wmissing-prototypes -Wwrite-strings -Wno-variadic-macros -Wimport -Wfatal-errors -Wformat=2 -Winit-self -Wmissing-include-dirs -Wswitch-default -Wunknown-pragmas  conftest.c >&5
conftest.c:86:1: warning: function declaration isn't a prototype [-Wstrict-prototypes]
   86 | main ()
      | ^~~~
conftest.c: In function 'main':
conftest.c:88:24: error: expected expression before ')' token
   88 | if (sizeof ((uintmax_t)))
      |                        ^
compilation terminated due to -Wfatal-errors.
configure:13450: $? = 1
configure: failed program was:
| /* confdefs.h */
| #define PACKAGE_NAME "Check"
| #define PACKAGE_TARNAME "check"
| #define PACKAGE_VERSION "0.15.2"
| #define PACKAGE_STRING "Check 0.15.2"
| #define PACKAGE_BUGREPORT "check-devel at lists dot sourceforge dot net"
| #define PACKAGE_URL ""
| #define PACKAGE "check"
| #define VERSION "0.15.2"
| #define STDC_HEADERS 1
| #define HAVE_SYS_TYPES_H 1
| #define HAVE_SYS_STAT_H 1
| #define HAVE_STDLIB_H 1
| #define HAVE_STRING_H 1
| #define HAVE_MEMORY_H 1
| #define HAVE_STRINGS_H 1
| #define HAVE_INTTYPES_H 1
| #define HAVE_STDINT_H 1
| #define HAVE_UNISTD_H 1
| #define __EXTENSIONS__ 1
| #define _ALL_SOURCE 1
| #define _GNU_SOURCE 1
| #define _POSIX_PTHREAD_SEMANTICS 1
| #define _TANDEM_SOURCE 1
| #define HAVE_DLFCN_H 1
| #define LT_OBJDIR ".libs/"
| #define HAVE_PTHREAD 1
| #define HAVE_LIBM 1
| #define HAVE_LIBRT 1
| #define HAVE_STRUCT_TIMESPEC_TV_SEC 1
| #define HAVE_STRUCT_TIMESPEC_TV_NSEC 1
| #define HAVE_STRUCT_ITIMERSPEC_IT_INTERVAL 1
| #define HAVE_STRUCT_ITIMERSPEC_IT_VALUE 1
| #define STDC_HEADERS 1
| #define HAVE_SYS_WAIT_H 1
| #define HAVE_FCNTL_H 1
| #define HAVE_STDDEF_H 1
| #define HAVE_STDLIB_H 1
| #define HAVE_STRING_H 1
| #define HAVE_SYS_TIME_H 1
| #define HAVE_UNISTD_H 1
| #define ENABLE_SUBUNIT 0
| #define HAVE_REGEX_H 1
| #define HAVE_REGCOMP 1
| #define HAVE_REGEXEC 1
| #define HAVE_REGEX 1
| #define ENABLE_REGEX 1
| #define HAVE_UNSIGNED_LONG_LONG_INT 1
| #define HAVE_LONG_LONG_INT 1
| #define HAVE_INTMAX_T 1
| /* end confdefs.h.  */
| #include <stdio.h>
| #ifdef HAVE_SYS_TYPES_H
| # include <sys/types.h>
| #endif
| #ifdef HAVE_SYS_STAT_H
| # include <sys/stat.h>
| #endif
| #ifdef STDC_HEADERS
| # include <stdlib.h>
| # include <stddef.h>
| #else
| # ifdef HAVE_STDLIB_H
| #  include <stdlib.h>
| # endif
| #endif
| #ifdef HAVE_STRING_H
| # if !defined STDC_HEADERS && defined HAVE_MEMORY_H
| #  include <memory.h>
| # endif
| # include <string.h>
| #endif
| #ifdef HAVE_STRINGS_H
| # include <strings.h>
| #endif
| #ifdef HAVE_INTTYPES_H
| # include <inttypes.h>
| #endif
| #ifdef HAVE_STDINT_H
| # include <stdint.h>
| #endif
| #ifdef HAVE_UNISTD_H
| # include <unistd.h>
| #endif
| int
| main ()
| {
| if (sizeof ((uintmax_t)))
| 	    return 0;
|   ;
|   return 0;
| }
configure:13450: result: yes
configure:13467: checking for uint32_t
configure:13467: gcc -c -g -O2 -Wextra -Wstrict-prototypes -Wmissing-prototypes -Wwrite-strings -Wno-variadic-macros -Wimport -Wfatal-errors -Wformat=2 -Winit-self -Wmissing-include-dirs -Wswitch-default -Wunknown-pragmas  conftest.c >&5
conftest.c:87:1: warning: function declaration isn't a prototype [-Wstrict-prototypes]
   87 | main ()
      | ^~~~
configure:13467: $? = 0
configure:13467: result: yes
configure:13481: checking whether time.h and sys/time.h may both be included
configure:13501: gcc -c -g -O2 -Wextra -Wstrict-prototypes -Wmissing-prototypes -Wwrite-strings -Wno-variadic-macros -Wimport -Wfatal-errors -Wformat=2 -Winit-self -Wmissing-include-dirs -Wswitch-default -Wunknown-pragmas  conftest.c >&5
conftest.c:58:1: warning: function declaration isn't a prototype [-Wstrict-prototypes]
   58 | main ()
      | ^~~~
configure:13501: $? = 0
configure:13508: result: yes
configure:13516: checking whether struct tm is in sys/time.h or time.h
configure:13536: gcc -c -g -O2 -Wextra -Wstrict-prototypes -Wmissing-prototypes -Wwrite-strings -Wno-variadic-macros -Wimport -Wfatal-errors -Wformat=2 -Winit-self -Wmissing-include-dirs -Wswitch-default -Wunknown-pragmas  conftest.c >&5
conftest.c:58:1: warning: function declaration isn't a prototype [-Wstrict-prototypes]
   58 | main ()
      | ^~~~
configure:13536: $? = 0
configure:13543: result: time.h
configure:13556: checking size of int
configure:13561: gcc -o conftest -g -O2 -Wextra -Wstrict-prototypes -Wmissing-prototypes -Wwrite-strings -Wno-variadic-macros -Wimport -Wfatal-errors -Wformat=2 -Winit-self -Wmissing-include-dirs -Wswitch-default -Wunknown-pragmas   conftest.c -lrt -lm  >&5
conftest.c:87:17: warning: function declaration isn't a prototype [-Wstrict-prototypes]
   87 | static long int longval () { return (long int) (sizeof (int)); }
      |                 ^~~~~~~
conftest.c:88:26: warning: function declaration isn't a prototype [-Wstrict-prototypes]
   88 | static unsigned long int ulongval () { return (long int) (sizeof (int)); }
      |                          ^~~~~~~~
conftest.c:92:1: warning: function declaration isn't a prototype [-Wstrict-prototypes]
   92 | main ()
      | ^~~~
configure:13561: $? = 0
configure:13561: ./conftest
configure:13561: $? = 0
configure:13575: result: 4
configure:13589: checking size of short
configure:13594: gcc -o conftest -g -O2 -Wextra -Wstrict-prototypes -Wmissing-prototypes -Wwrite-strings -Wno-variadic-macros -Wimport -Wfatal-errors -Wformat=2 -Winit-self -Wmissing-include-dirs -Wswitch-default -Wunknown-pragmas   conftest.c -lrt -lm  >&5
conftest.c:88:17: warning: function declaration isn't a prototype [-Wstrict-prototypes]
   88 | static long int longval () { return (long int) (sizeof (short)); }
      |                 ^~~~~~~
conftest.c:89:26: warning: function declaration isn't a prototype [-Wstrict-prototypes]
   89 | static unsigned long int ulongval () { return (long int) (sizeof (short)); }
      |                          ^~~~~~~~
conftest.c:93:1: warning: function declaration isn't a prototype [-Wstrict-prototypes]
   93 | main ()
      | ^~~~
configure:13594: $? = 0
configure:13594: ./conftest
configure:13594: $? = 0
configure:13608: result: 2
configure:13622: checking size of long
configure:13627: gcc -o conftest -g -O2 -Wextra -Wstrict-prototypes -Wmissing-prototypes -Wwrite-strings -Wno-variadic-macros -Wimport -Wfatal-errors -Wformat=2 -Winit-self -Wmissing-include-dirs -Wswitch-default -Wunknown-pragmas   conftest.c -lrt -lm  >&5
conftest.c:89:17: warning: function declaration isn't a prototype [-Wstrict-prototypes]
   89 | static long int longval () { return (long int) (sizeof (long)); }
      |                 ^~~~~~~
conftest.c:90:26: warning: function declaration isn't a prototype [-Wstrict-prototypes]
   90 | static unsigned long int ulongval () { return (long int) (sizeof (long)); }
      |                          ^~~~~~~~
conftest.c:94:1: warning: function declaration isn't a prototype [-Wstrict-prototypes]
   94 | main ()
      | ^~~~
configure:13627: $? = 0
configure:13627: ./conftest
configure:13627: $? = 0
configure:13641: result: 8
configure:13657: checking for clockid_t
configure:13657: gcc -c -g -O2 -Wextra -Wstrict-prototypes -Wmissing-prototypes -Wwrite-strings -Wno-variadic-macros -Wimport -Wfatal-errors -Wformat=2 -Winit-self -Wmissing-include-dirs -Wswitch-default -Wunknown-pragmas  conftest.c >&5
conftest.c:97:1: warning: function declaration isn't a prototype [-Wstrict-prototypes]
   97 | main ()
      | ^~~~
configure:13657: $? = 0
configure:13657: gcc -c -g -O2 -Wextra -Wstrict-prototypes -Wmissing-prototypes -Wwrite-strings -Wno-variadic-macros -Wimport -Wfatal-errors -Wformat=2 -Winit-self -Wmissing-include-dirs -Wswitch-default -Wunknown-pragmas  conftest.c >&5
conftest.c:97:1: warning: function declaration isn't a prototype [-Wstrict-prototypes]
   97 | main ()
      | ^~~~
conftest.c: In function 'main':
conftest.c:99:24: error: expected expression before ')' token
   99 | if (sizeof ((clockid_t)))
      |                        ^
compilation terminated due to -Wfatal-errors.
configure:13657: $? = 1
configure: failed program was:
| /* confdefs.h */
| #define PACKAGE_NAME "Check"
| #define PACKAGE_TARNAME "check"
| #define PACKAGE_VERSION "0.15.2"
| #define PACKAGE_STRING "Check 0.15.2"
| #define PACKAGE_BUGREPORT "check-devel at lists dot sourceforge dot net"
| #define PACKAGE_URL ""
| #define PACKAGE "check"
| #define VERSION "0.15.2"
| #define STDC_HEADERS 1
| #define HAVE_SYS_TYPES_H 1
| #define HAVE_SYS_STAT_H 1
| #define HAVE_STDLIB_H 1
| #define HAVE_STRING_H 1
| #define HAVE_MEMORY_H 1
| #define HAVE_STRINGS_H 1
| #define HAVE_INTTYPES_H 1
| #define HAVE_STDINT_H 1
| #define HAVE_UNISTD_H 1
| #define __EXTENSIONS__ 1
| #define _ALL_SOURCE 1
| #define _GNU_SOURCE 1
| #define _POSIX_PTHREAD_SEMANTICS 1
| #define _TANDEM_SOURCE 1
| #define HAVE_DLFCN_H 1
| #define LT_OBJDIR ".libs/"
| #define HAVE_PTHREAD 1
| #define HAVE_LIBM 1
| #define HAVE_LIBRT 1
| #define HAVE_STRUCT_TIMESPEC_TV_SEC 1
| #define HAVE_STRUCT_TIMESPEC_TV_NSEC 1
| #define HAVE_STRUCT_ITIMERSPEC_IT_INTERVAL 1
| #define HAVE_STRUCT_ITIMERSPEC_IT_VALUE 1
| #define STDC_HEADERS 1
| #define HAVE_SYS_WAIT_H 1
| #define HAVE_FCNTL_H 1
| #define HAVE_STDDEF_H 1
| #define HAVE_STDLIB_H 1
| #define HAVE_STRING_H 1
| #define HAVE_SYS_TIME_H 1
| #define HAVE_UNISTD_H 1
| #define ENABLE_SUBUNIT 0
| #define HAVE_REGEX_H 1
| #define HAVE_REGCOMP 1
| #define HAVE_REGEXEC 1
| #define HAVE_REGEX 1
| #define ENABLE_REGEX 1
| #define HAVE_UNSIGNED_LONG_LONG_INT 1
| #define HAVE_LONG_LONG_INT 1
| #define HAVE_INTMAX_T 1
| #define HAVE_UINTMAX_T 1
| #define TIME_WITH_SYS_TIME 1
| #define SIZEOF_INT 4
| #define SIZEOF_SHORT 2
| #define SIZEOF_LONG 8
| /* end confdefs.h.  */
| 
| #include <stdio.h>
| #ifdef HAVE_SYS_TYPES_H
| # include <sys/types.h>
| #endif
| #ifdef HAVE_SYS_STAT_H
| # include <sys/stat.h>
| #endif
| #ifdef STDC_HEADERS
| # include <stdlib.h>
| # include <stddef.h>
| #else
| # ifdef HAVE_STDLIB_H
| #  include <stdlib.h>
| # endif
| #endif
| #ifdef HAVE_STRING_H
| # if !defined STDC_HEADERS && defined HAVE_MEMORY_H
| #  include <memory.h>
| # endif
| # include <string.h>
| #endif
| #ifdef HAVE_STRINGS_H
| # include <strings.h>
| #endif
| #ifdef HAVE_INTTYPES_H
| # include <inttypes.h>
| #endif
| #ifdef HAVE_STDINT_H
| # include <stdint.h>
| #endif
| #ifdef HAVE_UNISTD_H
| # include <unistd.h>
| #endif
| #if defined(HAVE_PTHREAD)
| #include <pthread.h>
| #endif /* HAVE_PTHREAD */
| 
| 
| int
| main ()
| {
| if (sizeof ((clockid_t)))
| 	    return 0;
|   ;
|   return 0;
| }
configure:13657: result: yes
configure:13672: checking for timer_t
configure:13672: gcc -c -g -O2 -Wextra -Wstrict-prototypes -Wmissing-prototypes -Wwrite-strings -Wno-variadic-macros -Wimport -Wfatal-errors -Wformat=2 -Winit-self -Wmissing-include-dirs -Wswitch-default -Wunknown-pragmas  conftest.c >&5
conftest.c:97:1: warning: function declaration isn't a prototype [-Wstrict-prototypes]
   97 | main ()
      | ^~~~
configure:13672: $? = 0
configure:13672: gcc -c -g -O2 -Wextra -Wstrict-prototypes -Wmissing-prototypes -Wwrite-strings -Wno-variadic-macros -Wimport -Wfatal-errors -Wformat=2 -Winit-self -Wmissing-include-dirs -Wswitch-default -Wunknown-pragmas  conftest.c >&5
conftest.c:97:1: warning: function declaration isn't a prototype [-Wstrict-prototypes]
   97 | main ()
      | ^~~~
conftest.c: In function 'main':
conftest.c:99:22: error: expected expression before ')' token
   99 | if (sizeof ((timer_t)))
      |                      ^
compilation terminated due to -Wfatal-errors.
configure:13672: $? = 1
configure: failed program was:
| /* confdefs.h */
| #define PACKAGE_NAME "Check"
| #define PACKAGE_TARNAME "check"
| #define PACKAGE_VERSION "0.15.2"
| #define PACKAGE_STRING "Check 0.15.2"
| #define PACKAGE_BUGREPORT "check-devel at lists dot sourceforge dot net"
| #define PACKAGE_URL ""
| #define PACKAGE "check"
| #define VERSION "0.15.2"
| #define STDC_HEADERS 1
| #define HAVE_SYS_TYPES_H 1
| #define HAVE_SYS_STAT_H 1
| #define HAVE_STDLIB_H 1
| #define HAVE_STRING_H 1
| #define HAVE_MEMORY_H 1
| #define HAVE_STRINGS_H 1
| #define HAVE_INTTYPES_H 1
| #define HAVE_STDINT_H 1
| #define HAVE_UNISTD_H 1
| #define __EXTENSIONS__ 1
| #define _ALL_SOURCE 1
| #define _GNU_SOURCE 1
| #define _POSIX_PTHREAD_SEMANTICS 1
| #define _TANDEM_SOURCE 1
| #define HAVE_DLFCN_H 1
| #define LT_OBJDIR ".libs/"
| #define HAVE_PTHREAD 1
| #define HAVE_LIBM 1
| #define HAVE_LIBRT 1
| #define HAVE_STRUCT_TIMESPEC_TV_SEC 1
| #define HAVE_STRUCT_TIMESPEC_TV_NSEC 1
| #define HAVE_STRUCT_ITIMERSPEC_IT_INTERVAL 1
| #define HAVE_STRUCT_ITIMERSPEC_IT_VALUE 1
| #define STDC_HEADERS 1
| #define HAVE_SYS_WAIT_H 1
| #define HAVE_FCNTL_H 1
| #define HAVE_STDDEF_H 1
| #define HAVE_STDLIB_H 1
| #define HAVE_STRING_H 1
| #define HAVE_SYS_TIME_H 1
| #define HAVE_UNISTD_H 1
| #define ENABLE_SUBUNIT 0
| #define HAVE_REGEX_H 1
| #define HAVE_REGCOMP 1
| #define HAVE_REGEXEC 1
| #define HAVE_REGEX 1
| #define ENABLE_REGEX 1
| #define HAVE_UNSIGNED_LONG_LONG_INT 1
| #define HAVE_LONG_LONG_INT 1
| #define HAVE_INTMAX_T 1
| #define HAVE_UINTMAX_T 1
| #define TIME_WITH_SYS_TIME 1
| #define SIZEOF_INT 4
| #define SIZEOF_SHORT 2
| #define SIZEOF_LONG 8
| /* end confdefs.h.  */
| 
| #include <stdio.h>
| #ifdef HAVE_SYS_TYPES_H
| # include <sys/types.h>
| #endif
| #ifdef HAVE_SYS_STAT_H
| # include <sys/stat.h>
| #endif
| #ifdef STDC_HEADERS
| # include <stdlib.h>
| # include <stddef.h>
| #else
| # ifdef HAVE_STDLIB_H
| #  include <stdlib.h>
| # endif
| #endif
| #ifdef HAVE_STRING_H
| # if !defined STDC_HEADERS && defined HAVE_MEMORY_H
| #  include <memory.h>
| # endif
| # include <string.h>
| #endif
| #ifdef HAVE_STRINGS_H
| # include <strings.h>
| #endif
| #ifdef HAVE_INTTYPES_H
| # include <inttypes.h>
| #endif
| #ifdef HAVE_STDINT_H
| # include <stdint.h>
| #endif
| #ifdef HAVE_UNISTD_H
| # include <unistd.h>
| #endif
| #if defined(HAVE_PTHREAD)
| #include <pthread.h>
| #endif /* HAVE_PTHREAD */
| 
| 
| int
| main ()
| {
| if (sizeof ((timer_t)))
| 	    return 0;
|   ;
|   return 0;
| }
configure:13672: result: yes
configure:13691: checking for stdlib.h
configure:13691: result: yes
configure:13701: checking for GNU libc compatible malloc
configure:13725: gcc -o conftest -g -O2 -Wextra -Wstrict-prototypes -Wmissing-prototypes -Wwrite-strings -Wno-variadic-macros -Wimport -Wfatal-errors -Wformat=2 -Winit-self -Wmissing-include-dirs -Wswitch-default -Wunknown-pragmas   conftest.c -lrt -lm  >&5
conftest.c:65:1: warning: function declaration isn't a prototype [-Wstrict-prototypes]
   65 | main ()
      | ^~~~
configure:13725: $? = 0
configure:13725: ./conftest
configure:13725: $? = 0
configure:13735: result: yes
configure:13758: checking for stdlib.h
configure:13758: result: yes
configure:13768: checking for GNU libc compatible realloc
configure:13792: gcc -o conftest -g -O2 -Wextra -Wstrict-prototypes -Wmissing-prototypes -Wwrite-strings -Wno-variadic-macros -Wimport -Wfatal-errors -Wformat=2 -Winit-self -Wmissing-include-dirs -Wswitch-default -Wunknown-pragmas   conftest.c -lrt -lm  >&5
conftest.c:67:1: warning: function declaration isn't a prototype [-Wstrict-prototypes]
   67 | main ()
      | ^~~~
configure:13792: $? = 0
configure:13792: ./conftest
configure:13792: $? = 0
configure:13802: result: yes
configure:13833: checking for time.h
configure:13833: gcc -c -g -O2 -Wextra -Wstrict-prototypes -Wmissing-prototypes -Wwrite-strings -Wno-variadic-macros -Wimport -Wfatal-errors -Wformat=2 -Winit-self -Wmissing-include-dirs -Wswitch-default -Wunknown-pragmas  conftest.c >&5
configure:13833: $? = 0
configure:13833: result: yes
configure:13833: checking for stdarg.h
configure:13833: gcc -c -g -O2 -Wextra -Wstrict-prototypes -Wmissing-prototypes -Wwrite-strings -Wno-variadic-macros -Wimport -Wfatal-errors -Wformat=2 -Winit-self -Wmissing-include-dirs -Wswitch-default -Wunknown-pragmas  conftest.c >&5
configure:13833: $? = 0
configure:13833: result: yes
configure:13852: checking for timer_create
configure:13852: gcc -o conftest -g -O2 -Wextra -Wstrict-prototypes -Wmissing-prototypes -Wwrite-strings -Wno-variadic-macros -Wimport -Wfatal-errors -Wformat=2 -Winit-self -Wmissing-include-dirs -Wswitch-default -Wunknown-pragmas   conftest.c -lrt -lm  >&5
conftest.c:86:1: warning: function declaration isn't a prototype [-Wstrict-prototypes]
   86 | char timer_create ();
      | ^~~~
conftest.c:95:1: warning: function declaration isn't a prototype [-Wstrict-prototypes]
   95 | main ()
      | ^~~~
configure:13852: $? = 0
configure:13852: result: yes
configure:13860: checking if timer_create is supported on the system
configure:13898: gcc -o conftest -g -O2 -Wextra -Wstrict-prototypes -Wmissing-prototypes -Wwrite-strings -Wno-variadic-macros -Wimport -Wfatal-errors -Wformat=2 -Winit-self -Wmissing-include-dirs -Wswitch-default -Wunknown-pragmas   conftest.c -lrt -lm  >&5
conftest.c:67:17: warning: function declaration isn't a prototype [-Wstrict-prototypes]
   67 |      static int test_timer_create()
      |                 ^~~~~~~~~~~~~~~~~
conftest.c:84:1: warning: function declaration isn't a prototype [-Wstrict-prototypes]
   84 | main ()
      | ^~~~
configure:13898: $? = 0
configure:13898: ./conftest
configure:13898: $? = 0
configure:13908: result: yes
configure:14023: checking for alarm
configure:14023: gcc -o conftest -g -O2 -Wextra -Wstrict-prototypes -Wmissing-prototypes -Wwrite-strings -Wno-variadic-macros -Wimport -Wfatal-errors -Wformat=2 -Winit-self -Wmissing-include-dirs -Wswitch-default -Wunknown-pragmas   conftest.c -lrt -lm  >&5
conftest.c:86:1: warning: function declaration isn't a prototype [-Wstrict-prototypes]
   86 | char alarm ();
      | ^~~~
conftest.c:95:1: warning: function declaration isn't a prototype [-Wstrict-prototypes]
   95 | main ()
      | ^~~~
configure:14023: $? = 0
configure:14023: result: yes
configure:14036: checking for clock_gettime
configure:14036: gcc -o conftest -g -O2 -Wextra -Wstrict-prototypes -Wmissing-prototypes -Wwrite-strings -Wno-variadic-macros -Wimport -Wfatal-errors -Wformat=2 -Winit-self -Wmissing-include-dirs -Wswitch-default -Wunknown-pragmas   conftest.c -lrt -lm  >&5
conftest.c:87:1: warning: function declaration isn't a prototype [-Wstrict-prototypes]
   87 | char clock_gettime ();
      | ^~~~
conftest.c:96:1: warning: function declaration isn't a prototype [-Wstrict-prototypes]
   96 | main ()
      | ^~~~
configure:14036: $? = 0
configure:14036: result: yes
configure:14049: checking for getline
configure:14049: gcc -o conftest -g -O2 -Wextra -Wstrict-prototypes -Wmissing-prototypes -Wwrite-strings -Wno-variadic-macros -Wimport -Wfatal-errors -Wformat=2 -Winit-self -Wmissing-include-dirs -Wswitch-default -Wunknown-pragmas   conftest.c -lrt -lm  >&5
conftest.c:88:1: warning: function declaration isn't a prototype [-Wstrict-prototypes]
   88 | char getline ();
      | ^~~~
conftest.c:97:1: warning: function declaration isn't a prototype [-Wstrict-prototypes]
   97 | main ()
      | ^~~~
configure:14049: $? = 0
configure:14049: result: yes
configure:14062: checking for gettimeofday
configure:14062: gcc -o conftest -g -O2 -Wextra -Wstrict-prototypes -Wmissing-prototypes -Wwrite-strings -Wno-variadic-macros -Wimport -Wfatal-errors -Wformat=2 -Winit-self -Wmissing-include-dirs -Wswitch-default -Wunknown-pragmas   conftest.c -lrt -lm  >&5
conftest.c:89:1: warning: function declaration isn't a prototype [-Wstrict-prototypes]
   89 | char gettimeofday ();
      | ^~~~
conftest.c:98:1: warning: function declaration isn't a prototype [-Wstrict-prototypes]
   98 | main ()
      | ^~~~
configure:14062: $? = 0
configure:14062: result: yes
configure:14075: checking for localtime_r
configure:14075: gcc -o conftest -g -O2 -Wextra -Wstrict-prototypes -Wmissing-prototypes -Wwrite-strings -Wno-variadic-macros -Wimport -Wfatal-errors -Wformat=2 -Winit-self -Wmissing-include-dirs -Wswitch-default -Wunknown-pragmas   conftest.c -lrt -lm  >&5
conftest.c:90:1: warning: function declaration isn't a prototype [-Wstrict-prototypes]
   90 | char localtime_r ();
      | ^~~~
conftest.c:99:1: warning: function declaration isn't a prototype [-Wstrict-prototypes]
   99 | main ()
      | ^~~~
configure:14075: $? = 0
configure:14075: result: yes
configure:14088: checking for strdup
configure:14088: gcc -o conftest -g -O2 -Wextra -Wstrict-prototypes -Wmissing-prototypes -Wwrite-strings -Wno-variadic-macros -Wimport -Wfatal-errors -Wformat=2 -Winit-self -Wmissing-include-dirs -Wswitch-default -Wunknown-pragmas   conftest.c -lrt -lm  >&5
conftest.c:91:1: warning: function declaration isn't a prototype [-Wstrict-prototypes]
   91 | char strdup ();
      | ^~~~
conftest.c:91:6: warning: conflicting types for built-in function 'strdup'; expected 'char *(const char *)' [-Wbuiltin-declaration-mismatch]
   91 | char strdup ();
      |      ^~~~~~
conftest.c:100:1: warning: function declaration isn't a prototype [-Wstrict-prototypes]
  100 | main ()
      | ^~~~
configure:14088: $? = 0
configure:14088: result: yes
configure:14101: checking for strsignal
configure:14101: gcc -o conftest -g -O2 -Wextra -Wstrict-prototypes -Wmissing-prototypes -Wwrite-strings -Wno-variadic-macros -Wimport -Wfatal-errors -Wformat=2 -Winit-self -Wmissing-include-dirs -Wswitch-default -Wunknown-pragmas   conftest.c -lrt -lm  >&5
conftest.c:92:1: warning: function declaration isn't a prototype [-Wstrict-prototypes]
   92 | char strsignal ();
      | ^~~~
conftest.c:101:1: warning: function declaration isn't a prototype [-Wstrict-prototypes]
  101 | main ()
      | ^~~~
configure:14101: $? = 0
configure:14101: result: yes
configure:14115: checking whether alarm is declared
configure:14115: gcc -c -g -O2 -Wextra -Wstrict-prototypes -Wmissing-prototypes -Wwrite-strings -Wno-variadic-macros -Wimport -Wfatal-errors -Wformat=2 -Winit-self -Wmissing-include-dirs -Wswitch-default -Wunknown-pragmas  conftest.c >&5
conftest.c:104:1: warning: function declaration isn't a prototype [-Wstrict-prototypes]
  104 | main ()
      | ^~~~
configure:14115: $? = 0
configure:14115: result: yes
configure:14125: checking whether clock_gettime is declared
configure:14125: gcc -c -g -O2 -Wextra -Wstrict-prototypes -Wmissing-prototypes -Wwrite-strings -Wno-variadic-macros -Wimport -Wfatal-errors -Wformat=2 -Winit-self -Wmissing-include-dirs -Wswitch-default -Wunknown-pragmas  conftest.c >&5
conftest.c:105:1: warning: function declaration isn't a prototype [-Wstrict-prototypes]
  105 | main ()
      | ^~~~
conftest.c: In function 'main':
conftest.c:111:10: error: 'clock_gettime' undeclared (first use in this function)
  111 |   (void) clock_gettime;
      |          ^~~~~~~~~~~~~
compilation terminated due to -Wfatal-errors.
configure:14125: $? = 1
configure: failed program was:
| /* confdefs.h */
| #define PACKAGE_NAME "Check"
| #define PACKAGE_TARNAME "check"
| #define PACKAGE_VERSION "0.15.2"
| #define PACKAGE_STRING "Check 0.15.2"
| #define PACKAGE_BUGREPORT "check-devel at lists dot sourceforge dot net"
| #define PACKAGE_URL ""
| #define PACKAGE "check"
| #define VERSION "0.15.2"
| #define STDC_HEADERS 1
| #define HAVE_SYS_TYPES_H 1
| #define HAVE_SYS_STAT_H 1
| #define HAVE_STDLIB_H 1
| #define HAVE_STRING_H 1
| #define HAVE_MEMORY_H 1
| #define HAVE_STRINGS_H 1
| #define HAVE_INTTYPES_H 1
| #define HAVE_STDINT_H 1
| #define HAVE_UNISTD_H 1
| #define __EXTENSIONS__ 1
| #define _ALL_SOURCE 1
| #define _GNU_SOURCE 1
| #define _POSIX_PTHREAD_SEMANTICS 1
| #define _TANDEM_SOURCE 1
| #define HAVE_DLFCN_H 1
| #define LT_OBJDIR ".libs/"
| #define HAVE_PTHREAD 1
| #define HAVE_LIBM 1
| #define HAVE_LIBRT 1
| #define HAVE_STRUCT_TIMESPEC_TV_SEC 1
| #define HAVE_STRUCT_TIMESPEC_TV_NSEC 1
| #define HAVE_STRUCT_ITIMERSPEC_IT_INTERVAL 1
| #define HAVE_STRUCT_ITIMERSPEC_IT_VALUE 1
| #define STDC_HEADERS 1
| #define HAVE_SYS_WAIT_H 1
| #define HAVE_FCNTL_H 1
| #define HAVE_STDDEF_H 1
| #define HAVE_STDLIB_H 1
| #define HAVE_STRING_H 1
| #define HAVE_SYS_TIME_H 1
| #define HAVE_UNISTD_H 1
| #define ENABLE_SUBUNIT 0
| #define HAVE_REGEX_H 1
| #define HAVE_REGCOMP 1
| #define HAVE_REGEXEC 1
| #define HAVE_REGEX 1
| #define ENABLE_REGEX 1
| #define HAVE_UNSIGNED_LONG_LONG_INT 1
| #define HAVE_LONG_LONG_INT 1
| #define HAVE_INTMAX_T 1
| #define HAVE_UINTMAX_T 1
| #define TIME_WITH_SYS_TIME 1
| #define SIZEOF_INT 4
| #define SIZEOF_SHORT 2
| #define SIZEOF_LONG 8
| #define HAVE_STDLIB_H 1
| #define HAVE_MALLOC 1
| #define HAVE_STDLIB_H 1
| #define HAVE_REALLOC 1
| #define HAVE_TIME_H 1
| #define HAVE_STDARG_H 1
| #define HAVE_ALARM 1
| #define HAVE_CLOCK_GETTIME 1
| #define HAVE_GETLINE 1
| #define HAVE_GETTIMEOFDAY 1
| #define HAVE_LOCALTIME_R 1
| #define HAVE_STRDUP 1
| #define HAVE_STRSIGNAL 1
| #define HAVE_DECL_ALARM 1
| /* end confdefs.h.  */
| #include <stdio.h>
| #ifdef HAVE_SYS_TYPES_H
| # include <sys/types.h>
| #endif
| #ifdef HAVE_SYS_STAT_H
| # include <sys/stat.h>
| #endif
| #ifdef STDC_HEADERS
| # include <stdlib.h>
| # include <stddef.h>
| #else
| # ifdef HAVE_STDLIB_H
| #  include <stdlib.h>
| # endif
| #endif
| #ifdef HAVE_STRING_H
| # if !defined STDC_HEADERS && defined HAVE_MEMORY_H
| #  include <memory.h>
| # endif
| # include <string.h>
| #endif
| #ifdef HAVE_STRINGS_H
| # include <strings.h>
| #endif
| #ifdef HAVE_INTTYPES_H
| # include <inttypes.h>
| #endif
| #ifdef HAVE_STDINT_H
| # include <stdint.h>
| #endif
| #ifdef HAVE_UNISTD_H
| # include <unistd.h>
| #endif
| int
| main ()
| {
| #ifndef clock_gettime
| #ifdef __cplusplus
|   (void) clock_gettime;
| #else
|   (void) clock_gettime;
| #endif
| #endif
| 
|   ;
|   return 0;
| }
configure:14125: result: no
configure:14135: checking whether getline is declared
configure:14135: gcc -c -g -O2 -Wextra -Wstrict-prototypes -Wmissing-prototypes -Wwrite-strings -Wno-variadic-macros -Wimport -Wfatal-errors -Wformat=2 -Winit-self -Wmissing-include-dirs -Wswitch-default -Wunknown-pragmas  conftest.c >&5
conftest.c:106:1: warning: function declaration isn't a prototype [-Wstrict-prototypes]
  106 | main ()
      | ^~~~
configure:14135: $? = 0
configure:14135: result: yes
configure:14145: checking whether gettimeofday is declared
configure:14145: gcc -c -g -O2 -Wextra -Wstrict-prototypes -Wmissing-prototypes -Wwrite-strings -Wno-variadic-macros -Wimport -Wfatal-errors -Wformat=2 -Winit-self -Wmissing-include-dirs -Wswitch-default -Wunknown-pragmas  conftest.c >&5
conftest.c:107:1: warning: function declaration isn't a prototype [-Wstrict-prototypes]
  107 | main ()
      | ^~~~
conftest.c: In function 'main':
conftest.c:113:10: error: 'gettimeofday' undeclared (first use in this function)
  113 |   (void) gettimeofday;
      |          ^~~~~~~~~~~~
compilation terminated due to -Wfatal-errors.
configure:14145: $? = 1
configure: failed program was:
| /* confdefs.h */
| #define PACKAGE_NAME "Check"
| #define PACKAGE_TARNAME "check"
| #define PACKAGE_VERSION "0.15.2"
| #define PACKAGE_STRING "Check 0.15.2"
| #define PACKAGE_BUGREPORT "check-devel at lists dot sourceforge dot net"
| #define PACKAGE_URL ""
| #define PACKAGE "check"
| #define VERSION "0.15.2"
| #define STDC_HEADERS 1
| #define HAVE_SYS_TYPES_H 1
| #define HAVE_SYS_STAT_H 1
| #define HAVE_STDLIB_H 1
| #define HAVE_STRING_H 1
| #define HAVE_MEMORY_H 1
| #define HAVE_STRINGS_H 1
| #define HAVE_INTTYPES_H 1
| #define HAVE_STDINT_H 1
| #define HAVE_UNISTD_H 1
| #define __EXTENSIONS__ 1
| #define _ALL_SOURCE 1
| #define _GNU_SOURCE 1
| #define _POSIX_PTHREAD_SEMANTICS 1
| #define _TANDEM_SOURCE 1
| #define HAVE_DLFCN_H 1
| #define LT_OBJDIR ".libs/"
| #define HAVE_PTHREAD 1
| #define HAVE_LIBM 1
| #define HAVE_LIBRT 1
| #define HAVE_STRUCT_TIMESPEC_TV_SEC 1
| #define HAVE_STRUCT_TIMESPEC_TV_NSEC 1
| #define HAVE_STRUCT_ITIMERSPEC_IT_INTERVAL 1
| #define HAVE_STRUCT_ITIMERSPEC_IT_VALUE 1
| #define STDC_HEADERS 1
| #define HAVE_SYS_WAIT_H 1
| #define HAVE_FCNTL_H 1
| #define HAVE_STDDEF_H 1
| #define HAVE_STDLIB_H 1
| #define HAVE_STRING_H 1
| #define HAVE_SYS_TIME_H 1
| #define HAVE_UNISTD_H 1
| #define ENABLE_SUBUNIT 0
| #define HAVE_REGEX_H 1
| #define HAVE_REGCOMP 1
| #define HAVE_REGEXEC 1
| #define HAVE_REGEX 1
| #define ENABLE_REGEX 1
| #define HAVE_UNSIGNED_LONG_LONG_INT 1
| #define HAVE_LONG_LONG_INT 1
| #define HAVE_INTMAX_T 1
| #define HAVE_UINTMAX_T 1
| #define TIME_WITH_SYS_TIME 1
| #define SIZEOF_INT 4
| #define SIZEOF_SHORT 2
| #define SIZEOF_LONG 8
| #define HAVE_STDLIB_H 1
| #define HAVE_MALLOC 1
| #define HAVE_STDLIB_H 1
| #define HAVE_REALLOC 1
| #define HAVE_TIME_H 1
| #define HAVE_STDARG_H 1
| #define HAVE_ALARM 1
| #define HAVE_CLOCK_GETTIME 1
| #define HAVE_GETLINE 1
| #define HAVE_GETTIMEOFDAY 1
| #define HAVE_LOCALTIME_R 1
| #define HAVE_STRDUP 1
| #define HAVE_STRSIGNAL 1
| #define HAVE_DECL_ALARM 1
| #define HAVE_DECL_CLOCK_GETTIME 0
| #define HAVE_DECL_GETLINE 1
| /* end confdefs.h.  */
| #include <stdio.h>
| #ifdef HAVE_SYS_TYPES_H
| # include <sys/types.h>
| #endif
| #ifdef HAVE_SYS_STAT_H
| # include <sys/stat.h>
| #endif
| #ifdef STDC_HEADERS
| # include <stdlib.h>
| # include <stddef.h>
| #else
| # ifdef HAVE_STDLIB_H
| #  include <stdlib.h>
| # endif
| #endif
| #ifdef HAVE_STRING_H
| # if !defined STDC_HEADERS && defined HAVE_MEMORY_H
| #  include <memory.h>
| # endif
| # include <string.h>
| #endif
| #ifdef HAVE_STRINGS_H
| # include <strings.h>
| #endif
| #ifdef HAVE_INTTYPES_H
| # include <inttypes.h>
| #endif
| #ifdef HAVE_STDINT_H
| # include <stdint.h>
| #endif
| #ifdef HAVE_UNISTD_H
| # include <unistd.h>
| #endif
| int
| main ()
| {
| #ifndef gettimeofday
| #ifdef __cplusplus
|   (void) gettimeofday;
| #else
|   (void) gettimeofday;
| #endif
| #endif
| 
|   ;
|   return 0;
| }
configure:14145: result: no
configure:14155: checking whether localtime_r is declared
configure:14155: gcc -c -g -O2 -Wextra -Wstrict-prototypes -Wmissing-prototypes -Wwrite-strings -Wno-variadic-macros -Wimport -Wfatal-errors -Wformat=2 -Winit-self -Wmissing-include-dirs -Wswitch-default -Wunknown-pragmas  conftest.c >&5
conftest.c:108:1: warning: function declaration isn't a prototype [-Wstrict-prototypes]
  108 | main ()
      | ^~~~
conftest.c: In function 'main':
conftest.c:114:10: error: 'localtime_r' undeclared (first use in this function); did you mean 'locale_t'?
  114 |   (void) localtime_r;
      |          ^~~~~~~~~~~
      |          locale_t
compilation terminated due to -Wfatal-errors.
configure:14155: $? = 1
configure: failed program was:
| /* confdefs.h */
| #define PACKAGE_NAME "Check"
| #define PACKAGE_TARNAME "check"
| #define PACKAGE_VERSION "0.15.2"
| #define PACKAGE_STRING "Check 0.15.2"
| #define PACKAGE_BUGREPORT "check-devel at lists dot sourceforge dot net"
| #define PACKAGE_URL ""
| #define PACKAGE "check"
| #define VERSION "0.15.2"
| #define STDC_HEADERS 1
| #define HAVE_SYS_TYPES_H 1
| #define HAVE_SYS_STAT_H 1
| #define HAVE_STDLIB_H 1
| #define HAVE_STRING_H 1
| #define HAVE_MEMORY_H 1
| #define HAVE_STRINGS_H 1
| #define HAVE_INTTYPES_H 1
| #define HAVE_STDINT_H 1
| #define HAVE_UNISTD_H 1
| #define __EXTENSIONS__ 1
| #define _ALL_SOURCE 1
| #define _GNU_SOURCE 1
| #define _POSIX_PTHREAD_SEMANTICS 1
| #define _TANDEM_SOURCE 1
| #define HAVE_DLFCN_H 1
| #define LT_OBJDIR ".libs/"
| #define HAVE_PTHREAD 1
| #define HAVE_LIBM 1
| #define HAVE_LIBRT 1
| #define HAVE_STRUCT_TIMESPEC_TV_SEC 1
| #define HAVE_STRUCT_TIMESPEC_TV_NSEC 1
| #define HAVE_STRUCT_ITIMERSPEC_IT_INTERVAL 1
| #define HAVE_STRUCT_ITIMERSPEC_IT_VALUE 1
| #define STDC_HEADERS 1
| #define HAVE_SYS_WAIT_H 1
| #define HAVE_FCNTL_H 1
| #define HAVE_STDDEF_H 1
| #define HAVE_STDLIB_H 1
| #define HAVE_STRING_H 1
| #define HAVE_SYS_TIME_H 1
| #define HAVE_UNISTD_H 1
| #define ENABLE_SUBUNIT 0
| #define HAVE_REGEX_H 1
| #define HAVE_REGCOMP 1
| #define HAVE_REGEXEC 1
| #define HAVE_REGEX 1
| #define ENABLE_REGEX 1
| #define HAVE_UNSIGNED_LONG_LONG_INT 1
| #define HAVE_LONG_LONG_INT 1
| #define HAVE_INTMAX_T 1
| #define HAVE_UINTMAX_T 1
| #define TIME_WITH_SYS_TIME 1
| #define SIZEOF_INT 4
| #define SIZEOF_SHORT 2
| #define SIZEOF_LONG 8
| #define HAVE_STDLIB_H 1
| #define HAVE_MALLOC 1
| #define HAVE_STDLIB_H 1
| #define HAVE_REALLOC 1
| #define HAVE_TIME_H 1
| #define HAVE_STDARG_H 1
| #define HAVE_ALARM 1
| #define HAVE_CLOCK_GETTIME 1
| #define HAVE_GETLINE 1
| #define HAVE_GETTIMEOFDAY 1
| #define HAVE_LOCALTIME_R 1
| #define HAVE_STRDUP 1
| #define HAVE_STRSIGNAL 1
| #define HAVE_DECL_ALARM 1
| #define HAVE_DECL_CLOCK_GETTIME 0
| #define HAVE_DECL_GETLINE 1
| #define HAVE_DECL_GETTIMEOFDAY 0
| /* end confdefs.h.  */
| #include <stdio.h>
| #ifdef HAVE_SYS_TYPES_H
| # include <sys/types.h>
| #endif
| #ifdef HAVE_SYS_STAT_H
| # include <sys/stat.h>
| #endif
| #ifdef STDC_HEADERS
| # include <stdlib.h>
| # include <stddef.h>
| #else
| # ifdef HAVE_STDLIB_H
| #  include <stdlib.h>
| # endif
| #endif
| #ifdef HAVE_STRING_H
| # if !defined STDC_HEADERS && defined HAVE_MEMORY_H
| #  include <memory.h>
| # endif
| # include <string.h>
| #endif
| #ifdef HAVE_STRINGS_H
| # include <strings.h>
| #endif
| #ifdef HAVE_INTTYPES_H
| # include <inttypes.h>
| #endif
| #ifdef HAVE_STDINT_H
| # include <stdint.h>
| #endif
| #ifdef HAVE_UNISTD_H
| # include <unistd.h>
| #endif
| int
| main ()
| {
| #ifndef localtime_r
| #ifdef __cplusplus
|   (void) localtime_r;
| #else
|   (void) localtime_r;
| #endif
| #endif
| 
|   ;
|   return 0;
| }
configure:14155: result: no
configure:14165: checking whether strdup is declared
configure:14165: gcc -c -g -O2 -Wextra -Wstrict-prototypes -Wmissing-prototypes -Wwrite-strings -Wno-variadic-macros -Wimport -Wfatal-errors -Wformat=2 -Winit-self -Wmissing-include-dirs -Wswitch-default -Wunknown-pragmas  conftest.c >&5
conftest.c:109:1: warning: function declaration isn't a prototype [-Wstrict-prototypes]
  109 | main ()
      | ^~~~
configure:14165: $? = 0
configure:14165: result: yes
configure:14175: checking whether strsignal is declared
configure:14175: gcc -c -g -O2 -Wextra -Wstrict-prototypes -Wmissing-prototypes -Wwrite-strings -Wno-variadic-macros -Wimport -Wfatal-errors -Wformat=2 -Winit-self -Wmissing-include-dirs -Wswitch-default -Wunknown-pragmas  conftest.c >&5
conftest.c:110:1: warning: function declaration isn't a prototype [-Wstrict-prototypes]
  110 | main ()
      | ^~~~
configure:14175: $? = 0
configure:14175: result: yes
configure:14189: checking whether setenv is declared
configure:14189: gcc -c -g -O2 -Wextra -Wstrict-prototypes -Wmissing-prototypes -Wwrite-strings -Wno-variadic-macros -Wimport -Wfatal-errors -Wformat=2 -Winit-self -Wmissing-include-dirs -Wswitch-default -Wunknown-pragmas  conftest.c >&5
conftest.c:111:1: warning: function declaration isn't a prototype [-Wstrict-prototypes]
  111 | main ()
      | ^~~~
configure:14189: $? = 0
configure:14189: result: yes
configure:14203: checking for setitimer
configure:14203: gcc -o conftest -g -O2 -Wextra -Wstrict-prototypes -Wmissing-prototypes -Wwrite-strings -Wno-variadic-macros -Wimport -Wfatal-errors -Wformat=2 -Winit-self -Wmissing-include-dirs -Wswitch-default -Wunknown-pragmas   conftest.c -lrt -lm  >&5
conftest.c:101:1: warning: function declaration isn't a prototype [-Wstrict-prototypes]
  101 | char setitimer ();
      | ^~~~
conftest.c:110:1: warning: function declaration isn't a prototype [-Wstrict-prototypes]
  110 | main ()
      | ^~~~
configure:14203: $? = 0
configure:14203: result: yes
configure:14217: checking for fork
configure:14217: gcc -o conftest -g -O2 -Wextra -Wstrict-prototypes -Wmissing-prototypes -Wwrite-strings -Wno-variadic-macros -Wimport -Wfatal-errors -Wformat=2 -Winit-self -Wmissing-include-dirs -Wswitch-default -Wunknown-pragmas   conftest.c -lrt -lm  >&5
conftest.c:102:1: warning: function declaration isn't a prototype [-Wstrict-prototypes]
  102 | char fork ();
      | ^~~~
conftest.c:102:6: warning: conflicting types for built-in function 'fork'; expected 'int(void)' [-Wbuiltin-declaration-mismatch]
  102 | char fork ();
      |      ^~~~
conftest.c:111:1: warning: function declaration isn't a prototype [-Wstrict-prototypes]
  111 | main ()
      | ^~~~
configure:14217: $? = 0
configure:14217: result: yes
configure:14234: checking for sigaction
configure:14234: gcc -o conftest -g -O2 -Wextra -Wstrict-prototypes -Wmissing-prototypes -Wwrite-strings -Wno-variadic-macros -Wimport -Wfatal-errors -Wformat=2 -Winit-self -Wmissing-include-dirs -Wswitch-default -Wunknown-pragmas   conftest.c -lrt -lm  >&5
conftest.c:103:1: warning: function declaration isn't a prototype [-Wstrict-prototypes]
  103 | char sigaction ();
      | ^~~~
conftest.c:112:1: warning: function declaration isn't a prototype [-Wstrict-prototypes]
  112 | main ()
      | ^~~~
configure:14234: $? = 0
configure:14234: result: yes
configure:14245: checking for mkstemp
configure:14245: gcc -o conftest -g -O2 -Wextra -Wstrict-prototypes -Wmissing-prototypes -Wwrite-strings -Wno-variadic-macros -Wimport -Wfatal-errors -Wformat=2 -Winit-self -Wmissing-include-dirs -Wswitch-default -Wunknown-pragmas   conftest.c -lrt -lm  >&5
conftest.c:104:1: warning: function declaration isn't a prototype [-Wstrict-prototypes]
  104 | char mkstemp ();
      | ^~~~
conftest.c:113:1: warning: function declaration isn't a prototype [-Wstrict-prototypes]
  113 | main ()
      | ^~~~
configure:14245: $? = 0
configure:14245: result: yes
configure:14265: checking for vsnprintf
configure:14265: gcc -o conftest -g -O2 -Wextra -Wstrict-prototypes -Wmissing-prototypes -Wwrite-strings -Wno-variadic-macros -Wimport -Wfatal-errors -Wformat=2 -Winit-self -Wmissing-include-dirs -Wswitch-default -Wunknown-pragmas   conftest.c -lrt -lm  >&5
conftest.c:105:1: warning: function declaration isn't a prototype [-Wstrict-prototypes]
  105 | char vsnprintf ();
      | ^~~~
conftest.c:105:6: warning: conflicting types for built-in function 'vsnprintf'; expected 'int(char *, long unsigned int,  const char *, __va_list_tag *)' [-Wbuiltin-declaration-mismatch]
  105 | char vsnprintf ();
      |      ^~~~~~~~~
conftest.c:93:1: note: 'vsnprintf' is declared in header '<stdio.h>'
   92 | # include <limits.h>
   93 | #else
conftest.c:114:1: warning: function declaration isn't a prototype [-Wstrict-prototypes]
  114 | main ()
      | ^~~~
configure:14265: $? = 0
configure:14265: result: yes
configure:14273: checking whether vsnprintf is C99 compliant
configure:14308: gcc -o conftest -g -O2 -Wextra -Wstrict-prototypes -Wmissing-prototypes -Wwrite-strings -Wno-variadic-macros -Wimport -Wfatal-errors -Wformat=2 -Winit-self -Wmissing-include-dirs -Wswitch-default -Wunknown-pragmas   conftest.c -lrt -lm  >&5
conftest.c:96:1: warning: function declaration isn't a prototype [-Wstrict-prototypes]
   96 | main ()
      | ^~~~
configure:14308: $? = 0
configure:14308: ./conftest
configure:14308: $? = 0
configure:14318: result: yes
configure:14736: checking for snprintf
configure:14736: gcc -o conftest -g -O2 -Wextra -Wstrict-prototypes -Wmissing-prototypes -Wwrite-strings -Wno-variadic-macros -Wimport -Wfatal-errors -Wformat=2 -Winit-self -Wmissing-include-dirs -Wswitch-default -Wunknown-pragmas   conftest.c -lrt -lm  >&5
conftest.c:106:1: warning: function declaration isn't a prototype [-Wstrict-prototypes]
  106 | char snprintf ();
      | ^~~~
conftest.c:106:6: warning: conflicting types for built-in function 'snprintf'; expected 'int(char *, long unsigned int,  const char *, ...)' [-Wbuiltin-declaration-mismatch]
  106 | char snprintf ();
      |      ^~~~~~~~
conftest.c:94:1: note: 'snprintf' is declared in header '<stdio.h>'
   93 | # include <limits.h>
   94 | #else
conftest.c:115:1: warning: function declaration isn't a prototype [-Wstrict-prototypes]
  115 | main ()
      | ^~~~
configure:14736: $? = 0
configure:14736: result: yes
configure:14744: checking whether snprintf is C99 compliant
configure:14767: gcc -o conftest -g -O2 -Wextra -Wstrict-prototypes -Wmissing-prototypes -Wwrite-strings -Wno-variadic-macros -Wimport -Wfatal-errors -Wformat=2 -Winit-self -Wmissing-include-dirs -Wswitch-default -Wunknown-pragmas   conftest.c -lrt -lm  >&5
conftest.c:85:1: warning: function declaration isn't a prototype [-Wstrict-prototypes]
   85 | main ()
      | ^~~~
conftest.c: In function 'main':
conftest.c:88:10: warning: 'The answer is ' directive output truncated writing 14 bytes into a region of size 4 [-Wformat-truncation=]
   88 |      if (snprintf(buf, 4, "The answer is %27.2g.", 42.0) != 42 ||
      |          ^~~~~~~~~~~~~~~~~~~~~~~~~~~~~~~~~~~~~~~~~~~~~~~
In file included from /usr/include/stdio.h:867,
                 from conftest.c:83:
/usr/include/x86_64-linux-gnu/bits/stdio2.h:67:10: note: '__builtin___snprintf_chk' output 43 bytes into a destination of size 4
   67 |   return __builtin___snprintf_chk (__s, __n, __USE_FORTIFY_LEVEL - 1,
      |          ^~~~~~~~~~~~~~~~~~~~~~~~~~~~~~~~~~~~~~~~~~~~~~~~~~~~~~~~~~~~
   68 |        __bos (__s), __fmt, __va_arg_pack ());
      |        ~~~~~~~~~~~~~~~~~~~~~~~~~~~~~~~~~~~~~
configure:14767: $? = 0
configure:14767: ./conftest
configure:14767: $? = 0
configure:14777: result: yes
configure:14896: checking for gawk
configure:14914: found /usr/bin/gawk
configure:14927: result: /usr/bin/gawk
configure:15074: checking that generated files are newer than configure
configure:15080: result: done
configure:15139: creating ./config.status

## ---------------------- ##
## Running config.status. ##
## ---------------------- ##

This file was extended by Check config.status 0.15.2, which was
generated by GNU Autoconf 2.69.  Invocation command line was

  CONFIG_FILES    = 
  CONFIG_HEADERS  = 
  CONFIG_LINKS    = 
  CONFIG_COMMANDS = 
  $ ./config.status 

on e1r6p17.clusters.42paris.fr

config.status:1214: creating checkmk/checkmk
config.status:1214: creating check.pc
config.status:1214: creating Makefile
config.status:1214: creating checkmk/Makefile
config.status:1214: creating doc/Makefile
config.status:1214: creating lib/Makefile
config.status:1214: creating src/check.h
config.status:1214: creating src/Makefile
config.status:1214: creating tests/Makefile
config.status:1214: creating tests/test_vars
config.status:1214: creating config.h
config.status:1395: config.h is unchanged
config.status:1443: executing depfiles commands
config.status:1443: executing libtool commands
config.status:1443: executing check_stdint.h commands
config.status:2087: creating check_stdint.h : _CHECK_CHECK_STDINT_H
config.status:2519: check_stdint.h is unchanged
config.status:1443: executing checkmk-x commands

## ---------------- ##
## Cache variables. ##
## ---------------- ##

ac_cv_build=x86_64-unknown-linux-gnu
ac_cv_c_compiler_gnu=yes
ac_cv_c_const=yes
ac_cv_c_uint32_t=yes
ac_cv_env_AWK_PATH_set=
ac_cv_env_AWK_PATH_value=
ac_cv_env_CC_set=
ac_cv_env_CC_value=
ac_cv_env_CFLAGS_set=
ac_cv_env_CFLAGS_value=
ac_cv_env_CPPFLAGS_set=
ac_cv_env_CPPFLAGS_value=
ac_cv_env_CPP_set=
ac_cv_env_CPP_value=
ac_cv_env_LDFLAGS_set=
ac_cv_env_LDFLAGS_value=
ac_cv_env_LIBSUBUNIT_CFLAGS_set=
ac_cv_env_LIBSUBUNIT_CFLAGS_value=
ac_cv_env_LIBSUBUNIT_LIBS_set=
ac_cv_env_LIBSUBUNIT_LIBS_value=
ac_cv_env_LIBS_set=
ac_cv_env_LIBS_value=
ac_cv_env_LT_SYS_LIBRARY_PATH_set=
ac_cv_env_LT_SYS_LIBRARY_PATH_value=
ac_cv_env_PKG_CONFIG_LIBDIR_set=
ac_cv_env_PKG_CONFIG_LIBDIR_value=
ac_cv_env_PKG_CONFIG_PATH_set=
ac_cv_env_PKG_CONFIG_PATH_value=
ac_cv_env_PKG_CONFIG_set=
ac_cv_env_PKG_CONFIG_value=
ac_cv_env_build_alias_set=
ac_cv_env_build_alias_value=
ac_cv_env_host_alias_set=
ac_cv_env_host_alias_value=
ac_cv_env_target_alias_set=
ac_cv_env_target_alias_value=
ac_cv_func_InitOnceBeginInitialize=no
ac_cv_func_InitOnceComplete=no
ac_cv_func_alarm=yes
ac_cv_func_clock_gettime=yes
ac_cv_func_fork=yes
ac_cv_func_getline=yes
ac_cv_func_gettimeofday=yes
ac_cv_func_localtime_r=yes
ac_cv_func_malloc_0_nonnull=yes
ac_cv_func_mkstemp=yes
ac_cv_func_realloc_0_nonnull=yes
ac_cv_func_regcomp=yes
ac_cv_func_regexec=yes
ac_cv_func_setitimer=yes
ac_cv_func_sigaction=yes
ac_cv_func_snprintf=yes
ac_cv_func_strdup=yes
ac_cv_func_strsignal=yes
ac_cv_func_timer_create=yes
ac_cv_func_vsnprintf=yes
ac_cv_have_decl_alarm=yes
ac_cv_have_decl_clock_gettime=no
ac_cv_have_decl_getline=yes
ac_cv_have_decl_gettimeofday=no
ac_cv_have_decl_localtime_r=no
ac_cv_have_decl_setenv=yes
ac_cv_have_decl_strdup=yes
ac_cv_have_decl_strsignal=yes
ac_cv_header_dlfcn_h=yes
ac_cv_header_fcntl_h=yes
ac_cv_header_inttypes_h=yes
ac_cv_header_memory_h=yes
ac_cv_header_minix_config_h=no
ac_cv_header_regex_h=yes
ac_cv_header_stdarg_h=yes
ac_cv_header_stdc=yes
ac_cv_header_stddef_h=yes
ac_cv_header_stdint=stdint.h
ac_cv_header_stdint_h=yes
ac_cv_header_stdint_t=stdint.h
ac_cv_header_stdlib_h=yes
ac_cv_header_string_h=yes
ac_cv_header_strings_h=yes
ac_cv_header_sys_stat_h=yes
ac_cv_header_sys_time_h=yes
ac_cv_header_sys_types_h=yes
ac_cv_header_sys_wait_h=yes
ac_cv_header_time=yes
ac_cv_header_time_h=yes
ac_cv_header_unistd_h=yes
ac_cv_header_windows_h=no
ac_cv_host=x86_64-unknown-linux-gnu
ac_cv_lib_m_floor=yes
ac_cv_lib_rt_clock_gettime__timer_create__timer_settime__timer_delete=yes
ac_cv_member_struct_itimerspec_it_interval=yes
ac_cv_member_struct_itimerspec_it_value=yes
ac_cv_member_struct_timespec_tv_nsec=yes
ac_cv_member_struct_timespec_tv_sec=yes
ac_cv_objext=o
ac_cv_path_AWK_PATH=/usr/bin/gawk
ac_cv_path_EGREP='/usr/bin/grep -E'
ac_cv_path_FGREP='/usr/bin/grep -F'
ac_cv_path_GREP=/usr/bin/grep
ac_cv_path_SED=/usr/bin/sed
ac_cv_path_ac_pt_PKG_CONFIG=/usr/bin/pkg-config
ac_cv_path_install='/usr/bin/install -c'
ac_cv_path_lt_DD=/usr/bin/dd
ac_cv_path_mkdir=/usr/bin/mkdir
ac_cv_prog_AWK=gawk
ac_cv_prog_CPP='gcc -E'
ac_cv_prog_GCOV=gcov
ac_cv_prog_GRAPHVIZ=dot
ac_cv_prog_MAKEINFO='${SHELL} /mnt/nfs/homes/jgarcia/CLionProjects/minishell/unit_tests/check-0.15.2/missing makeinfo'
ac_cv_prog_ac_ct_AR=ar
ac_cv_prog_ac_ct_CC=gcc
ac_cv_prog_ac_ct_MANIFEST_TOOL=mt
ac_cv_prog_ac_ct_OBJDUMP=objdump
ac_cv_prog_ac_ct_RANLIB=ranlib
ac_cv_prog_ac_ct_STRIP=strip
ac_cv_prog_cc_c89=
ac_cv_prog_cc_g=yes
ac_cv_prog_make_make_set=yes
ac_cv_safe_to_define___extensions__=yes
ac_cv_sizeof_int=4
ac_cv_sizeof_long=8
ac_cv_sizeof_short=2
ac_cv_stdint_message='using gnu compiler gcc (Ubuntu 10.3.0-1ubuntu1~20.04) 10.3.0'
ac_cv_stdint_result='(assuming C99 compatible system)'
ac_cv_struct_tm=time.h
ac_cv_type_clockid_t=yes
ac_cv_type_intmax_t=yes
ac_cv_type_long_long_int=yes
ac_cv_type_pid_t=yes
ac_cv_type_size_t=yes
ac_cv_type_timer_t=yes
ac_cv_type_uintmax_t=yes
ac_cv_type_unsigned_long_long_int=yes
am_cv_CC_dependencies_compiler_type=gcc3
am_cv_ar_interface=ar
am_cv_make_support_nested_variables=yes
am_cv_prog_cc_c_o=yes
ax_cv_c_check_flag__Wextra=yes
ax_cv_c_check_flag__Wfatal_errors=yes
ax_cv_c_check_flag__Wformat_2=yes
ax_cv_c_check_flag__Wimport=yes
ax_cv_c_check_flag__Winit_self=yes
ax_cv_c_check_flag__Wmissing_include_dirs=yes
ax_cv_c_check_flag__Wmissing_prototypes=yes
ax_cv_c_check_flag__Wno_variadic_macros=yes
ax_cv_c_check_flag__Wstrict_prototypes=yes
ax_cv_c_check_flag__Wswitch_default=yes
ax_cv_c_check_flag__Wunknown_pragmas=yes
ax_cv_c_check_flag__Wwrite_strings=yes
hw_cv_func_snprintf=yes
hw_cv_func_snprintf_c99=yes
hw_cv_func_vsnprintf=yes
hw_cv_func_vsnprintf_c99=yes
hw_cv_librt_timers=yes
hw_cv_librt_timers_posix=yes
lt_cv_ar_at_file=@
lt_cv_archive_cmds_need_lc=no
lt_cv_deplibs_check_method=pass_all
lt_cv_file_magic_cmd='$MAGIC_CMD'
lt_cv_file_magic_test_file=
lt_cv_ld_reload_flag=-r
lt_cv_nm_interface='BSD nm'
lt_cv_objdir=.libs
lt_cv_path_LD=/usr/bin/ld
lt_cv_path_NM='/usr/bin/nm -B'
lt_cv_path_mainfest_tool=no
lt_cv_prog_compiler_c_o=yes
lt_cv_prog_compiler_pic='-fPIC -DPIC'
lt_cv_prog_compiler_pic_works=yes
lt_cv_prog_compiler_rtti_exceptions=no
lt_cv_prog_compiler_static_works=yes
lt_cv_prog_gnu_ld=yes
lt_cv_sharedlib_from_linklib_cmd='printf %s\n'
lt_cv_shlibpath_overrides_runpath=yes
lt_cv_sys_global_symbol_pipe='sed -n -e '\''s/^.*[	 ]\([ABCDGIRSTW][ABCDGIRSTW]*\)[	 ][	 ]*\([_A-Za-z][_A-Za-z0-9]*\)$/\1 \2 \2/p'\'' | sed '\''/ __gnu_lto/d'\'''
lt_cv_sys_global_symbol_to_c_name_address='sed -n -e '\''s/^: \(.*\) .*$/  {"\1", (void *) 0},/p'\'' -e '\''s/^[ABCDGIRSTW][ABCDGIRSTW]* .* \(.*\)$/  {"\1", (void *) \&\1},/p'\'''
lt_cv_sys_global_symbol_to_c_name_address_lib_prefix='sed -n -e '\''s/^: \(.*\) .*$/  {"\1", (void *) 0},/p'\'' -e '\''s/^[ABCDGIRSTW][ABCDGIRSTW]* .* \(lib.*\)$/  {"\1", (void *) \&\1},/p'\'' -e '\''s/^[ABCDGIRSTW][ABCDGIRSTW]* .* \(.*\)$/  {"lib\1", (void *) \&\1},/p'\'''
lt_cv_sys_global_symbol_to_cdecl='sed -n -e '\''s/^T .* \(.*\)$/extern int \1();/p'\'' -e '\''s/^[ABCDGIRSTW][ABCDGIRSTW]* .* \(.*\)$/extern char \1;/p'\'''
lt_cv_sys_global_symbol_to_import=
lt_cv_sys_max_cmd_len=1572864
lt_cv_to_host_file_cmd=func_convert_file_noop
lt_cv_to_tool_file_cmd=func_convert_file_noop
lt_cv_truncate_bin='/usr/bin/dd bs=4096 count=1'

## ----------------- ##
## Output variables. ##
## ----------------- ##

ACLOCAL='${SHELL} /mnt/nfs/homes/jgarcia/CLionProjects/minishell/unit_tests/check-0.15.2/missing aclocal-1.15'
AMDEPBACKSLASH='\'
AMDEP_FALSE='#'
AMDEP_TRUE=''
AMTAR='$${TAR-tar}'
AM_BACKSLASH='\'
AM_DEFAULT_V='$(AM_DEFAULT_VERBOSITY)'
AM_DEFAULT_VERBOSITY='1'
AM_V='$(V)'
AR='ar'
AUTOCONF='${SHELL} /mnt/nfs/homes/jgarcia/CLionProjects/minishell/unit_tests/check-0.15.2/missing autoconf'
AUTOHEADER='${SHELL} /mnt/nfs/homes/jgarcia/CLionProjects/minishell/unit_tests/check-0.15.2/missing autoheader'
AUTOMAKE='${SHELL} /mnt/nfs/homes/jgarcia/CLionProjects/minishell/unit_tests/check-0.15.2/missing automake-1.15'
AWK='gawk'
AWK_GSUB_DBL_BSLASH='\\\\'
AWK_PATH='/usr/bin/gawk'
CC='gcc'
CCDEPMODE='depmode=gcc3'
CFLAGS='-g -O2 -Wextra -Wstrict-prototypes -Wmissing-prototypes -Wwrite-strings -Wno-variadic-macros -Wimport -Wfatal-errors -Wformat=2 -Winit-self -Wmissing-include-dirs -Wswitch-default -Wunknown-pragmas'
CHECK_MAJOR_VERSION='0'
CHECK_MICRO_VERSION='2'
CHECK_MINOR_VERSION='15'
CHECK_VERSION='0.15.2'
CPP='gcc -E'
CPPFLAGS=''
CYGPATH_W='echo'
DEFS='-DHAVE_CONFIG_H'
DEPDIR='.deps'
DLLTOOL='false'
DSYMUTIL=''
DUMPBIN=''
ECHO_C=''
ECHO_N='-n'
ECHO_T=''
EGREP='/usr/bin/grep -E'
ENABLE_GCOV_FALSE=''
ENABLE_GCOV_TRUE='#'
ENABLE_REGEX='1'
ENABLE_SUBUNIT='0'
EXEEXT=''
FGREP='/usr/bin/grep -F'
FILTERDIFF='false'
GCOV='gcov'
GCOV_CFLAGS=''
GCOV_LIBS=''
GENHTML='false'
GRAPHVIZ='dot'
GREP='/usr/bin/grep'
HAVE_FORK='1'
HAVE_INIT_ONCE_BEGIN_INITIALIZE='0'
HAVE_INIT_ONCE_COMPLETE='0'
HAVE_REGEX='1'
HAVE_WINDOWS_H='0'
INSTALL_CHECKMK_FALSE='#'
INSTALL_CHECKMK_TRUE=''
INSTALL_DATA='${INSTALL} -m 644'
INSTALL_PROGRAM='${INSTALL}'
INSTALL_SCRIPT='${INSTALL}'
INSTALL_STRIP_PROGRAM='$(install_sh) -c -s'
LCOV='false'
LD='/usr/bin/ld -m elf_x86_64'
LDFLAGS=''
LIBOBJS=''
LIBS='-lrt -lm '
LIBSUBUNIT_CFLAGS=''
LIBSUBUNIT_LIBS=''
LIBSUBUNIT_PC=''
LIBTOOL='$(SHELL) $(top_builddir)/libtool'
LIPO=''
LN_S='ln -s'
LTLIBOBJS=''
LT_SYS_LIBRARY_PATH=''
MAKEINFO='${SHELL} /mnt/nfs/homes/jgarcia/CLionProjects/minishell/unit_tests/check-0.15.2/missing makeinfo'
MAKE_DOCS_FALSE='#'
MAKE_DOCS_TRUE=''
MANIFEST_TOOL=':'
MKDIR_P='/usr/bin/mkdir -p'
NM='/usr/bin/nm -B'
NMEDIT=''
NO_TIMEOUT_TESTS_FALSE=''
NO_TIMEOUT_TESTS_TRUE='#'
OBJDUMP='objdump'
OBJEXT='o'
OTOOL64=''
OTOOL=''
PACKAGE='check'
PACKAGE_BUGREPORT='check-devel at lists dot sourceforge dot net'
PACKAGE_NAME='Check'
PACKAGE_STRING='Check 0.15.2'
PACKAGE_TARNAME='check'
PACKAGE_URL=''
PACKAGE_VERSION='0.15.2'
PATH_SEPARATOR=':'
PKG_CONFIG='/usr/bin/pkg-config'
PKG_CONFIG_LIBDIR=''
PKG_CONFIG_PATH=''
PTHREAD_CC='gcc'
PTHREAD_CFLAGS='-pthread'
PTHREAD_LIBS=''
RANLIB='ranlib'
SED='/usr/bin/sed'
SET_MAKE=''
SHELL='/bin/bash'
STRIP='strip'
SUBUNIT_FALSE=''
SUBUNIT_TRUE='#'
USE_FILTERDIFF_FALSE=''
USE_FILTERDIFF_TRUE='#'
USE_GRAPHVIZ_FALSE='#'
USE_GRAPHVIZ_TRUE=''
VERSION='0.15.2'
ac_ct_AR='ar'
ac_ct_CC='gcc'
ac_ct_DUMPBIN=''
acx_pthread_config=''
am__EXEEXT_FALSE=''
am__EXEEXT_TRUE='#'
am__fastdepCC_FALSE='#'
am__fastdepCC_TRUE=''
am__include='include'
am__isrc=''
am__leading_dot='.'
am__nodep='_no'
am__quote=''
am__tar='$${TAR-tar} chof - "$$tardir"'
am__untar='$${TAR-tar} xf -'
bindir='${exec_prefix}/bin'
build='x86_64-unknown-linux-gnu'
build_alias=''
build_cpu='x86_64'
build_os='linux-gnu'
build_vendor='unknown'
datadir='${datarootdir}'
datarootdir='${prefix}/share'
docdir='${datarootdir}/doc/${PACKAGE_TARNAME}'
dvidir='${docdir}'
exec_prefix='${prefix}'
host='x86_64-unknown-linux-gnu'
host_alias=''
host_cpu='x86_64'
host_os='linux-gnu'
host_vendor='unknown'
htmldir='${docdir}'
includedir='${prefix}/include'
infodir='${datarootdir}/info'
install_sh='${SHELL} /mnt/nfs/homes/jgarcia/CLionProjects/minishell/unit_tests/check-0.15.2/install-sh'
libdir='${exec_prefix}/lib'
libexecdir='${exec_prefix}/libexec'
localedir='${datarootdir}/locale'
localstatedir='${prefix}/var'
mandir='${datarootdir}/man'
mkdir_p='$(MKDIR_P)'
oldincludedir='/usr/include'
pdfdir='${docdir}'
prefix='/usr/local'
program_transform_name='s,x,x,'
psdir='${docdir}'
sbindir='${exec_prefix}/sbin'
sharedstatedir='${prefix}/com'
sysconfdir='${prefix}/etc'
target_alias=''

## ----------- ##
## confdefs.h. ##
## ----------- ##

/* confdefs.h */
#define PACKAGE_NAME "Check"
#define PACKAGE_TARNAME "check"
#define PACKAGE_VERSION "0.15.2"
#define PACKAGE_STRING "Check 0.15.2"
#define PACKAGE_BUGREPORT "check-devel at lists dot sourceforge dot net"
#define PACKAGE_URL ""
#define PACKAGE "check"
#define VERSION "0.15.2"
#define STDC_HEADERS 1
#define HAVE_SYS_TYPES_H 1
#define HAVE_SYS_STAT_H 1
#define HAVE_STDLIB_H 1
#define HAVE_STRING_H 1
#define HAVE_MEMORY_H 1
#define HAVE_STRINGS_H 1
#define HAVE_INTTYPES_H 1
#define HAVE_STDINT_H 1
#define HAVE_UNISTD_H 1
#define __EXTENSIONS__ 1
#define _ALL_SOURCE 1
#define _GNU_SOURCE 1
#define _POSIX_PTHREAD_SEMANTICS 1
#define _TANDEM_SOURCE 1
#define HAVE_DLFCN_H 1
#define LT_OBJDIR ".libs/"
#define HAVE_PTHREAD 1
#define HAVE_LIBM 1
#define HAVE_LIBRT 1
#define HAVE_STRUCT_TIMESPEC_TV_SEC 1
#define HAVE_STRUCT_TIMESPEC_TV_NSEC 1
#define HAVE_STRUCT_ITIMERSPEC_IT_INTERVAL 1
#define HAVE_STRUCT_ITIMERSPEC_IT_VALUE 1
#define STDC_HEADERS 1
#define HAVE_SYS_WAIT_H 1
#define HAVE_FCNTL_H 1
#define HAVE_STDDEF_H 1
#define HAVE_STDLIB_H 1
#define HAVE_STRING_H 1
#define HAVE_SYS_TIME_H 1
#define HAVE_UNISTD_H 1
#define ENABLE_SUBUNIT 0
#define HAVE_REGEX_H 1
#define HAVE_REGCOMP 1
#define HAVE_REGEXEC 1
#define HAVE_REGEX 1
#define ENABLE_REGEX 1
#define HAVE_UNSIGNED_LONG_LONG_INT 1
#define HAVE_LONG_LONG_INT 1
#define HAVE_INTMAX_T 1
#define HAVE_UINTMAX_T 1
#define TIME_WITH_SYS_TIME 1
#define SIZEOF_INT 4
#define SIZEOF_SHORT 2
#define SIZEOF_LONG 8
#define HAVE_STDLIB_H 1
#define HAVE_MALLOC 1
#define HAVE_STDLIB_H 1
#define HAVE_REALLOC 1
#define HAVE_TIME_H 1
#define HAVE_STDARG_H 1
#define HAVE_ALARM 1
#define HAVE_CLOCK_GETTIME 1
#define HAVE_GETLINE 1
#define HAVE_GETTIMEOFDAY 1
#define HAVE_LOCALTIME_R 1
#define HAVE_STRDUP 1
#define HAVE_STRSIGNAL 1
#define HAVE_DECL_ALARM 1
#define HAVE_DECL_CLOCK_GETTIME 0
#define HAVE_DECL_GETLINE 1
#define HAVE_DECL_GETTIMEOFDAY 0
#define HAVE_DECL_LOCALTIME_R 0
#define HAVE_DECL_STRDUP 1
#define HAVE_DECL_STRSIGNAL 1
#define HAVE_DECL_SETENV 1
#define HAVE_SETITIMER 1
#define HAVE_FORK 1
#define HAVE_SIGACTION 1
#define HAVE_MKSTEMP 1
#define HAVE_VSNPRINTF 1
#define HAVE_SNPRINTF 1

configure: exit 0
